# JRE version: Java(TM) SE Runtime Environment (8.0_60-b27) (build 1.8.0_60-b27)
# Java VM: Java HotSpot(TM) 64-Bit Server VM (25.60-b23 mixed mode windows-amd64 compressed oops)
Heap:
 PSYoungGen      total 671744K, used 648302K [0x00000000d5f80000, 0x0000000100000000, 0x0000000100000000)
  eden space 654848K, 97% used [0x00000000d5f80000,0x00000000fccc7e60,0x00000000fdf00000)
  from space 16896K, 71% used [0x00000000fef80000,0x00000000ffb53c90,0x0000000100000000)
  to   space 16896K, 0% used [0x00000000fdf00000,0x00000000fdf00000,0x00000000fef80000)
 ParOldGen       total 143872K, used 115120K [0x0000000081e00000, 0x000000008aa80000, 0x00000000d5f80000)
  object space 143872K, 80% used [0x0000000081e00000,0x0000000088e6c1e8,0x000000008aa80000)
 Metaspace       used 8094K, capacity 8198K, committed 8320K, reserved 1056768K
  class space    used 773K, capacity 789K, committed 896K, reserved 1048576K
GC Heap History (10 events):
Event: 69.093 GC heap before
{Heap before GC invocations=17 (full 1):
 PSYoungGen      total 667136K, used 9792K [0x00000000d5f80000, 0x00000000ffd80000, 0x0000000100000000)
  eden space 651264K, 0% used [0x00000000d5f80000,0x00000000d5f80000,0x00000000fdb80000)
  from space 15872K, 61% used [0x00000000fee00000,0x00000000ff790000,0x00000000ffd80000)
  to   space 17408K, 0% used [0x00000000fdb80000,0x00000000fdb80000,0x00000000fec80000)
 ParOldGen       total 87552K, used 75065K [0x0000000081e00000, 0x0000000087380000, 0x00000000d5f80000)
  object space 87552K, 85% used [0x0000000081e00000,0x000000008674e638,0x0000000087380000)
 Metaspace       used 8093K, capacity 8198K, committed 8320K, reserved 1056768K
  class space    used 773K, capacity 789K, committed 896K, reserved 1048576K
Event: 69.735 GC heap after
Heap after GC invocations=17 (full 1):
 PSYoungGen      total 667136K, used 0K [0x00000000d5f80000, 0x00000000ffd80000, 0x0000000100000000)
  eden space 651264K, 0% used [0x00000000d5f80000,0x00000000d5f80000,0x00000000fdb80000)
  from space 15872K, 0% used [0x00000000fee00000,0x00000000fee00000,0x00000000ffd80000)
  to   space 17408K, 0% used [0x00000000fdb80000,0x00000000fdb80000,0x00000000fec80000)
 ParOldGen       total 143872K, used 82989K [0x0000000081e00000, 0x000000008aa80000, 0x00000000d5f80000)
  object space 143872K, 57% used [0x0000000081e00000,0x0000000086f0b760,0x000000008aa80000)
 Metaspace       used 8093K, capacity 8198K, committed 8320K, reserved 1056768K
  class space    used 773K, capacity 789K, committed 896K, reserved 1048576K
}
Event: 73.052 GC heap before
{Heap before GC invocations=18 (full 1):
 PSYoungGen      total 667136K, used 651264K [0x00000000d5f80000, 0x00000000ffd80000, 0x0000000100000000)
  eden space 651264K, 100% used [0x00000000d5f80000,0x00000000fdb80000,0x00000000fdb80000)
  from space 15872K, 0% used [0x00000000fee00000,0x00000000fee00000,0x00000000ffd80000)
  to   space 17408K, 0% used [0x00000000fdb80000,0x00000000fdb80000,0x00000000fec80000)
 ParOldGen       total 143872K, used 82989K [0x0000000081e00000, 0x000000008aa80000, 0x00000000d5f80000)
  object space 143872K, 57% used [0x0000000081e00000,0x0000000086f0b760,0x000000008aa80000)
 Metaspace       used 8093K, capacity 8198K, committed 8320K, reserved 1056768K
  class space    used 773K, capacity 789K, committed 896K, reserved 1048576K
Event: 73.064 GC heap after
Heap after GC invocations=18 (full 1):
 PSYoungGen      total 668672K, used 10721K [0x00000000d5f80000, 0x0000000100000000, 0x0000000100000000)
  eden space 651264K, 0% used [0x00000000d5f80000,0x00000000d5f80000,0x00000000fdb80000)
  from space 17408K, 61% used [0x00000000fdb80000,0x00000000fe5f8558,0x00000000fec80000)
  to   space 16896K, 0% used [0x00000000fef80000,0x00000000fef80000,0x0000000100000000)
 ParOldGen       total 143872K, used 82989K [0x0000000081e00000, 0x000000008aa80000, 0x00000000d5f80000)
  object space 143872K, 57% used [0x0000000081e00000,0x0000000086f0b760,0x000000008aa80000)
 Metaspace       used 8093K, capacity 8198K, committed 8320K, reserved 1056768K
  class space    used 773K, capacity 789K, committed 896K, reserved 1048576K
}
Event: 77.031 GC heap before
{Heap before GC invocations=19 (full 1):
 PSYoungGen      total 668672K, used 661985K [0x00000000d5f80000, 0x0000000100000000, 0x0000000100000000)
  eden space 651264K, 100% used [0x00000000d5f80000,0x00000000fdb80000,0x00000000fdb80000)
  from space 17408K, 61% used [0x00000000fdb80000,0x00000000fe5f8558,0x00000000fec80000)
  to   space 16896K, 0% used [0x00000000fef80000,0x00000000fef80000,0x0000000100000000)
 ParOldGen       total 143872K, used 82989K [0x0000000081e00000, 0x000000008aa80000, 0x00000000d5f80000)
  object space 143872K, 57% used [0x0000000081e00000,0x0000000086f0b760,0x000000008aa80000)
 Metaspace       used 8093K, capacity 8198K, committed 8320K, reserved 1056768K
  class space    used 773K, capacity 789K, committed 896K, reserved 1048576K
Event: 77.055 GC heap after
Heap after GC invocations=19 (full 1):
 PSYoungGen      total 670720K, used 11466K [0x00000000d5f80000, 0x00000000fff80000, 0x0000000100000000)
  eden space 654336K, 0% used [0x00000000d5f80000,0x00000000d5f80000,0x00000000fde80000)
  from space 16384K, 69% used [0x00000000fef80000,0x00000000ffab2958,0x00000000fff80000)
  to   space 16896K, 0% used [0x00000000fde80000,0x00000000fde80000,0x00000000fef00000)
 ParOldGen       total 143872K, used 93080K [0x0000000081e00000, 0x000000008aa80000, 0x00000000d5f80000)
  object space 143872K, 64% used [0x0000000081e00000,0x00000000878e61d8,0x000000008aa80000)
 Metaspace       used 8093K, capacity 8198K, committed 8320K, reserved 1056768K
  class space    used 773K, capacity 789K, committed 896K, reserved 1048576K
}
Event: 80.858 GC heap before
{Heap before GC invocations=20 (full 1):
 PSYoungGen      total 670720K, used 665802K [0x00000000d5f80000, 0x00000000fff80000, 0x0000000100000000)
  eden space 654336K, 100% used [0x00000000d5f80000,0x00000000fde80000,0x00000000fde80000)
  from space 16384K, 69% used [0x00000000fef80000,0x00000000ffab2958,0x00000000fff80000)
  to   space 16896K, 0% used [0x00000000fde80000,0x00000000fde80000,0x00000000fef00000)
 ParOldGen       total 143872K, used 93080K [0x0000000081e00000, 0x000000008aa80000, 0x00000000d5f80000)
  object space 143872K, 64% used [0x0000000081e00000,0x00000000878e61d8,0x000000008aa80000)
 Metaspace       used 8093K, capacity 8198K, committed 8320K, reserved 1056768K
  class space    used 773K, capacity 789K, committed 896K, reserved 1048576K
Event: 80.883 GC heap after
Heap after GC invocations=20 (full 1):
 PSYoungGen      total 671232K, used 11809K [0x00000000d5f80000, 0x0000000100000000, 0x0000000100000000)
  eden space 654336K, 0% used [0x00000000d5f80000,0x00000000d5f80000,0x00000000fde80000)
  from space 16896K, 69% used [0x00000000fde80000,0x00000000fea086d0,0x00000000fef00000)
  to   space 16896K, 0% used [0x00000000fef80000,0x00000000fef80000,0x0000000100000000)
 ParOldGen       total 143872K, used 103952K [0x0000000081e00000, 0x000000008aa80000, 0x00000000d5f80000)
  object space 143872K, 72% used [0x0000000081e00000,0x00000000883841d8,0x000000008aa80000)
 Metaspace       used 8093K, capacity 8198K, committed 8320K, reserved 1056768K
  class space    used 773K, capacity 789K, committed 896K, reserved 1048576K
}
Event: 85.323 GC heap before
{Heap before GC invocations=21 (full 1):
 PSYoungGen      total 671232K, used 666145K [0x00000000d5f80000, 0x0000000100000000, 0x0000000100000000)
  eden space 654336K, 100% used [0x00000000d5f80000,0x00000000fde80000,0x00000000fde80000)
  from space 16896K, 69% used [0x00000000fde80000,0x00000000fea086d0,0x00000000fef00000)
  to   space 16896K, 0% used [0x00000000fef80000,0x00000000fef80000,0x0000000100000000)
 ParOldGen       total 143872K, used 103952K [0x0000000081e00000, 0x000000008aa80000, 0x00000000d5f80000)
  object space 143872K, 72% used [0x0000000081e00000,0x00000000883841d8,0x000000008aa80000)
 Metaspace       used 8093K, capacity 8198K, committed 8320K, reserved 1056768K
  class space    used 773K, capacity 789K, committed 896K, reserved 1048576K
Event: 85.347 GC heap after
Heap after GC invocations=21 (full 1):
 PSYoungGen      total 671744K, used 12111K [0x00000000d5f80000, 0x0000000100000000, 0x0000000100000000)
  eden space 654848K, 0% used [0x00000000d5f80000,0x00000000d5f80000,0x00000000fdf00000)
  from space 16896K, 71% used [0x00000000fef80000,0x00000000ffb53c90,0x0000000100000000)
  to   space 16896K, 0% used [0x00000000fdf00000,0x00000000fdf00000,0x00000000fef80000)
 ParOldGen       total 143872K, used 115120K [0x0000000081e00000, 0x000000008aa80000, 0x00000000d5f80000)
  object space 143872K, 80% used [0x0000000081e00000,0x0000000088e6c1e8,0x000000008aa80000)
 Metaspace       used 8093K, capacity 8198K, committed 8320K, reserved 1056768K
  class space    used 773K, capacity 789K, committed 896K, reserved 1048576K
}

