# JRE version: Java(TM) SE Runtime Environment (8.0_60-b27) (build 1.8.0_60-b27)
# Java VM: Java HotSpot(TM) 64-Bit Server VM (25.60-b23 mixed mode windows-amd64 compressed oops)
Heap:
 PSYoungGen      total 95232K, used 59148K [0x00000000d5f80000, 0x00000000dde80000, 0x0000000100000000)
  eden space 84992K, 69% used [0x00000000d5f80000,0x00000000d98dc498,0x00000000db280000)
  from space 10240K, 4% used [0x00000000db280000,0x00000000db2e6ce0,0x00000000dbc80000)
  to   space 9728K, 0% used [0x00000000dd500000,0x00000000dd500000,0x00000000dde80000)
 ParOldGen       total 87552K, used 53892K [0x0000000081e00000, 0x0000000087380000, 0x00000000d5f80000)
  object space 87552K, 61% used [0x0000000081e00000,0x00000000852a13a8,0x0000000087380000)
 Metaspace       used 9839K, capacity 10014K, committed 10240K, reserved 1058816K
  class space    used 908K, capacity 953K, committed 1024K, reserved 1048576K
GC Heap History (10 events):
Event: 8.133 GC heap before
{Heap before GC invocations=27 (full 0):
 PSYoungGen      total 95232K, used 83014K [0x00000000d5f80000, 0x00000000ddf80000, 0x0000000100000000)
  eden space 82944K, 99% used [0x00000000d5f80000,0x00000000db0667a0,0x00000000db080000)
  from space 12288K, 1% used [0x00000000dbc80000,0x00000000dbcab060,0x00000000dc880000)
  to   space 12288K, 0% used [0x00000000db080000,0x00000000db080000,0x00000000dbc80000)
 ParOldGen       total 87552K, used 53892K [0x0000000081e00000, 0x0000000087380000, 0x00000000d5f80000)
  object space 87552K, 61% used [0x0000000081e00000,0x00000000852a13a8,0x0000000087380000)
 Metaspace       used 9828K, capacity 9950K, committed 10240K, reserved 1058816K
  class space    used 908K, capacity 953K, committed 1024K, reserved 1048576K
Event: 8.134 GC heap after
Heap after GC invocations=27 (full 0):
 PSYoungGen      total 95232K, used 183K [0x00000000d5f80000, 0x00000000ddf80000, 0x0000000100000000)
  eden space 82944K, 0% used [0x00000000d5f80000,0x00000000d5f80000,0x00000000db080000)
  from space 12288K, 1% used [0x00000000db080000,0x00000000db0adcd8,0x00000000dbc80000)
  to   space 12288K, 0% used [0x00000000dbc80000,0x00000000dbc80000,0x00000000dc880000)
 ParOldGen       total 87552K, used 53892K [0x0000000081e00000, 0x0000000087380000, 0x00000000d5f80000)
  object space 87552K, 61% used [0x0000000081e00000,0x00000000852a13a8,0x0000000087380000)
 Metaspace       used 9828K, capacity 9950K, committed 10240K, reserved 1058816K
  class space    used 908K, capacity 953K, committed 1024K, reserved 1048576K
}
Event: 8.150 GC heap before
{Heap before GC invocations=28 (full 0):
 PSYoungGen      total 95232K, used 83048K [0x00000000d5f80000, 0x00000000ddf80000, 0x0000000100000000)
  eden space 82944K, 99% used [0x00000000d5f80000,0x00000000db06c468,0x00000000db080000)
  from space 12288K, 1% used [0x00000000db080000,0x00000000db0adcd8,0x00000000dbc80000)
  to   space 12288K, 0% used [0x00000000dbc80000,0x00000000dbc80000,0x00000000dc880000)
 ParOldGen       total 87552K, used 53892K [0x0000000081e00000, 0x0000000087380000, 0x00000000d5f80000)
  object space 87552K, 61% used [0x0000000081e00000,0x00000000852a13a8,0x0000000087380000)
 Metaspace       used 9828K, capacity 9950K, committed 10240K, reserved 1058816K
  class space    used 908K, capacity 953K, committed 1024K, reserved 1048576K
Event: 8.151 GC heap after
Heap after GC invocations=28 (full 0):
 PSYoungGen      total 96256K, used 193K [0x00000000d5f80000, 0x00000000ddf00000, 0x0000000100000000)
  eden space 83968K, 0% used [0x00000000d5f80000,0x00000000d5f80000,0x00000000db180000)
  from space 12288K, 1% used [0x00000000dbc80000,0x00000000dbcb0638,0x00000000dc880000)
  to   space 11264K, 0% used [0x00000000db180000,0x00000000db180000,0x00000000dbc80000)
 ParOldGen       total 87552K, used 53892K [0x0000000081e00000, 0x0000000087380000, 0x00000000d5f80000)
  object space 87552K, 61% used [0x0000000081e00000,0x00000000852a13a8,0x0000000087380000)
 Metaspace       used 9828K, capacity 9950K, committed 10240K, reserved 1058816K
  class space    used 908K, capacity 953K, committed 1024K, reserved 1048576K
}
Event: 8.170 GC heap before
{Heap before GC invocations=29 (full 0):
 PSYoungGen      total 96256K, used 84154K [0x00000000d5f80000, 0x00000000ddf00000, 0x0000000100000000)
  eden space 83968K, 99% used [0x00000000d5f80000,0x00000000db17e2e8,0x00000000db180000)
  from space 12288K, 1% used [0x00000000dbc80000,0x00000000dbcb0638,0x00000000dc880000)
  to   space 11264K, 0% used [0x00000000db180000,0x00000000db180000,0x00000000dbc80000)
 ParOldGen       total 87552K, used 53892K [0x0000000081e00000, 0x0000000087380000, 0x00000000d5f80000)
  object space 87552K, 61% used [0x0000000081e00000,0x00000000852a13a8,0x0000000087380000)
 Metaspace       used 9828K, capacity 9950K, committed 10240K, reserved 1058816K
  class space    used 908K, capacity 953K, committed 1024K, reserved 1048576K
Event: 8.171 GC heap after
Heap after GC invocations=29 (full 0):
 PSYoungGen      total 95232K, used 203K [0x00000000d5f80000, 0x00000000ddf00000, 0x0000000100000000)
  eden space 83968K, 0% used [0x00000000d5f80000,0x00000000d5f80000,0x00000000db180000)
  from space 11264K, 1% used [0x00000000db180000,0x00000000db1b2da0,0x00000000dbc80000)
  to   space 12288K, 0% used [0x00000000dbc80000,0x00000000dbc80000,0x00000000dc880000)
 ParOldGen       total 87552K, used 53892K [0x0000000081e00000, 0x0000000087380000, 0x00000000d5f80000)
  object space 87552K, 61% used [0x0000000081e00000,0x00000000852a13a8,0x0000000087380000)
 Metaspace       used 9828K, capacity 9950K, committed 10240K, reserved 1058816K
  class space    used 908K, capacity 953K, committed 1024K, reserved 1048576K
}
Event: 8.189 GC heap before
{Heap before GC invocations=30 (full 0):
 PSYoungGen      total 95232K, used 84134K [0x00000000d5f80000, 0x00000000ddf00000, 0x0000000100000000)
  eden space 83968K, 99% used [0x00000000d5f80000,0x00000000db176cd8,0x00000000db180000)
  from space 11264K, 1% used [0x00000000db180000,0x00000000db1b2da0,0x00000000dbc80000)
  to   space 12288K, 0% used [0x00000000dbc80000,0x00000000dbc80000,0x00000000dc880000)
 ParOldGen       total 87552K, used 53892K [0x0000000081e00000, 0x0000000087380000, 0x00000000d5f80000)
  object space 87552K, 61% used [0x0000000081e00000,0x00000000852a13a8,0x0000000087380000)
 Metaspace       used 9828K, capacity 9950K, committed 10240K, reserved 1058816K
  class space    used 908K, capacity 953K, committed 1024K, reserved 1048576K
Event: 8.190 GC heap after
Heap after GC invocations=30 (full 0):
 PSYoungGen      total 97280K, used 212K [0x00000000d5f80000, 0x00000000dde80000, 0x0000000100000000)
  eden space 84992K, 0% used [0x00000000d5f80000,0x00000000d5f80000,0x00000000db280000)
  from space 12288K, 1% used [0x00000000dbc80000,0x00000000dbcb52d8,0x00000000dc880000)
  to   space 10240K, 0% used [0x00000000db280000,0x00000000db280000,0x00000000dbc80000)
 ParOldGen       total 87552K, used 53892K [0x0000000081e00000, 0x0000000087380000, 0x00000000d5f80000)
  object space 87552K, 61% used [0x0000000081e00000,0x00000000852a13a8,0x0000000087380000)
 Metaspace       used 9828K, capacity 9950K, committed 10240K, reserved 1058816K
  class space    used 908K, capacity 953K, committed 1024K, reserved 1048576K
}
Event: 8.207 GC heap before
{Heap before GC invocations=31 (full 0):
 PSYoungGen      total 97280K, used 85091K [0x00000000d5f80000, 0x00000000dde80000, 0x0000000100000000)
  eden space 84992K, 99% used [0x00000000d5f80000,0x00000000db263b20,0x00000000db280000)
  from space 12288K, 1% used [0x00000000dbc80000,0x00000000dbcb52d8,0x00000000dc880000)
  to   space 10240K, 0% used [0x00000000db280000,0x00000000db280000,0x00000000dbc80000)
 ParOldGen       total 87552K, used 53892K [0x0000000081e00000, 0x0000000087380000, 0x00000000d5f80000)
  object space 87552K, 61% used [0x0000000081e00000,0x00000000852a13a8,0x0000000087380000)
 Metaspace       used 9828K, capacity 9950K, committed 10240K, reserved 1058816K
  class space    used 908K, capacity 953K, committed 1024K, reserved 1048576K
Event: 8.208 GC heap after
Heap after GC invocations=31 (full 0):
 PSYoungGen      total 95232K, used 411K [0x00000000d5f80000, 0x00000000dde80000, 0x0000000100000000)
  eden space 84992K, 0% used [0x00000000d5f80000,0x00000000d5f80000,0x00000000db280000)
  from space 10240K, 4% used [0x00000000db280000,0x00000000db2e6ce0,0x00000000dbc80000)
  to   space 9728K, 0% used [0x00000000dd500000,0x00000000dd500000,0x00000000dde80000)
 ParOldGen       total 87552K, used 53892K [0x0000000081e00000, 0x0000000087380000, 0x00000000d5f80000)
  object space 87552K, 61% used [0x0000000081e00000,0x00000000852a13a8,0x0000000087380000)
 Metaspace       used 9828K, capacity 9950K, committed 10240K, reserved 1058816K
  class space    used 908K, capacity 953K, committed 1024K, reserved 1048576K
}

