# JRE version: Java(TM) SE Runtime Environment (8.0_60-b27) (build 1.8.0_60-b27)
# Java VM: Java HotSpot(TM) 64-Bit Server VM (25.60-b23 mixed mode windows-amd64 compressed oops)
Heap:
 PSYoungGen      total 122368K, used 33646K [0x00000000d5f80000, 0x00000000ddd80000, 0x0000000100000000)
  eden space 116736K, 27% used [0x00000000d5f80000,0x00000000d7f63898,0x00000000dd180000)
  from space 5632K, 17% used [0x00000000dd800000,0x00000000dd8f8000,0x00000000ddd80000)
  to   space 6144K, 0% used [0x00000000dd180000,0x00000000dd180000,0x00000000dd780000)
 ParOldGen       total 87552K, used 65587K [0x0000000081e00000, 0x0000000087380000, 0x00000000d5f80000)
  object space 87552K, 74% used [0x0000000081e00000,0x0000000085e0ce08,0x0000000087380000)
 Metaspace       used 9622K, capacity 9814K, committed 9984K, reserved 1058816K
  class space    used 888K, capacity 941K, committed 1024K, reserved 1048576K
GC Heap History (10 events):
Event: 15.571 GC heap before
{Heap before GC invocations=56 (full 0):
 PSYoungGen      total 122880K, used 116973K [0x00000000d5f80000, 0x00000000ddd80000, 0x0000000100000000)
  eden space 116736K, 99% used [0x00000000d5f80000,0x00000000dd15ef88,0x00000000dd180000)
  from space 6144K, 6% used [0x00000000dd180000,0x00000000dd1dc558,0x00000000dd780000)
  to   space 5632K, 0% used [0x00000000dd800000,0x00000000dd800000,0x00000000ddd80000)
 ParOldGen       total 87552K, used 65587K [0x0000000081e00000, 0x0000000087380000, 0x00000000d5f80000)
  object space 87552K, 74% used [0x0000000081e00000,0x0000000085e0ce08,0x0000000087380000)
 Metaspace       used 9600K, capacity 9750K, committed 9984K, reserved 1058816K
  class space    used 888K, capacity 941K, committed 1024K, reserved 1048576K
Event: 15.572 GC heap after
Heap after GC invocations=56 (full 0):
 PSYoungGen      total 122368K, used 213K [0x00000000d5f80000, 0x00000000ddd80000, 0x0000000100000000)
  eden space 116736K, 0% used [0x00000000d5f80000,0x00000000d5f80000,0x00000000dd180000)
  from space 5632K, 3% used [0x00000000dd800000,0x00000000dd835678,0x00000000ddd80000)
  to   space 6144K, 0% used [0x00000000dd180000,0x00000000dd180000,0x00000000dd780000)
 ParOldGen       total 87552K, used 65587K [0x0000000081e00000, 0x0000000087380000, 0x00000000d5f80000)
  object space 87552K, 74% used [0x0000000081e00000,0x0000000085e0ce08,0x0000000087380000)
 Metaspace       used 9600K, capacity 9750K, committed 9984K, reserved 1058816K
  class space    used 888K, capacity 941K, committed 1024K, reserved 1048576K
}
Event: 15.600 GC heap before
{Heap before GC invocations=57 (full 0):
 PSYoungGen      total 122368K, used 116905K [0x00000000d5f80000, 0x00000000ddd80000, 0x0000000100000000)
  eden space 116736K, 99% used [0x00000000d5f80000,0x00000000dd175178,0x00000000dd180000)
  from space 5632K, 3% used [0x00000000dd800000,0x00000000dd835678,0x00000000ddd80000)
  to   space 6144K, 0% used [0x00000000dd180000,0x00000000dd180000,0x00000000dd780000)
 ParOldGen       total 87552K, used 65587K [0x0000000081e00000, 0x0000000087380000, 0x00000000d5f80000)
  object space 87552K, 74% used [0x0000000081e00000,0x0000000085e0ce08,0x0000000087380000)
 Metaspace       used 9600K, capacity 9750K, committed 9984K, reserved 1058816K
  class space    used 888K, capacity 941K, committed 1024K, reserved 1048576K
Event: 15.601 GC heap after
Heap after GC invocations=57 (full 0):
 PSYoungGen      total 122880K, used 451K [0x00000000d5f80000, 0x00000000ddd80000, 0x0000000100000000)
  eden space 116736K, 0% used [0x00000000d5f80000,0x00000000d5f80000,0x00000000dd180000)
  from space 6144K, 7% used [0x00000000dd180000,0x00000000dd1f0db0,0x00000000dd780000)
  to   space 5632K, 0% used [0x00000000dd800000,0x00000000dd800000,0x00000000ddd80000)
 ParOldGen       total 87552K, used 65587K [0x0000000081e00000, 0x0000000087380000, 0x00000000d5f80000)
  object space 87552K, 74% used [0x0000000081e00000,0x0000000085e0ce08,0x0000000087380000)
 Metaspace       used 9600K, capacity 9750K, committed 9984K, reserved 1058816K
  class space    used 888K, capacity 941K, committed 1024K, reserved 1048576K
}
Event: 15.628 GC heap before
{Heap before GC invocations=58 (full 0):
 PSYoungGen      total 122880K, used 117048K [0x00000000d5f80000, 0x00000000ddd80000, 0x0000000100000000)
  eden space 116736K, 99% used [0x00000000d5f80000,0x00000000dd15d540,0x00000000dd180000)
  from space 6144K, 7% used [0x00000000dd180000,0x00000000dd1f0db0,0x00000000dd780000)
  to   space 5632K, 0% used [0x00000000dd800000,0x00000000dd800000,0x00000000ddd80000)
 ParOldGen       total 87552K, used 65587K [0x0000000081e00000, 0x0000000087380000, 0x00000000d5f80000)
  object space 87552K, 74% used [0x0000000081e00000,0x0000000085e0ce08,0x0000000087380000)
 Metaspace       used 9600K, capacity 9750K, committed 9984K, reserved 1058816K
  class space    used 888K, capacity 941K, committed 1024K, reserved 1048576K
Event: 15.629 GC heap after
Heap after GC invocations=58 (full 0):
 PSYoungGen      total 122368K, used 236K [0x00000000d5f80000, 0x00000000ddd80000, 0x0000000100000000)
  eden space 116736K, 0% used [0x00000000d5f80000,0x00000000d5f80000,0x00000000dd180000)
  from space 5632K, 4% used [0x00000000dd800000,0x00000000dd83b3b8,0x00000000ddd80000)
  to   space 6144K, 0% used [0x00000000dd180000,0x00000000dd180000,0x00000000dd780000)
 ParOldGen       total 87552K, used 65587K [0x0000000081e00000, 0x0000000087380000, 0x00000000d5f80000)
  object space 87552K, 74% used [0x0000000081e00000,0x0000000085e0ce08,0x0000000087380000)
 Metaspace       used 9600K, capacity 9750K, committed 9984K, reserved 1058816K
  class space    used 888K, capacity 941K, committed 1024K, reserved 1048576K
}
Event: 15.655 GC heap before
{Heap before GC invocations=59 (full 0):
 PSYoungGen      total 122368K, used 116789K [0x00000000d5f80000, 0x00000000ddd80000, 0x0000000100000000)
  eden space 116736K, 99% used [0x00000000d5f80000,0x00000000dd152218,0x00000000dd180000)
  from space 5632K, 4% used [0x00000000dd800000,0x00000000dd83b3b8,0x00000000ddd80000)
  to   space 6144K, 0% used [0x00000000dd180000,0x00000000dd180000,0x00000000dd780000)
 ParOldGen       total 87552K, used 65587K [0x0000000081e00000, 0x0000000087380000, 0x00000000d5f80000)
  object space 87552K, 74% used [0x0000000081e00000,0x0000000085e0ce08,0x0000000087380000)
 Metaspace       used 9600K, capacity 9750K, committed 9984K, reserved 1058816K
  class space    used 888K, capacity 941K, committed 1024K, reserved 1048576K
Event: 15.656 GC heap after
Heap after GC invocations=59 (full 0):
 PSYoungGen      total 122880K, used 463K [0x00000000d5f80000, 0x00000000ddd80000, 0x0000000100000000)
  eden space 116736K, 0% used [0x00000000d5f80000,0x00000000d5f80000,0x00000000dd180000)
  from space 6144K, 7% used [0x00000000dd180000,0x00000000dd1f3c78,0x00000000dd780000)
  to   space 5632K, 0% used [0x00000000dd800000,0x00000000dd800000,0x00000000ddd80000)
 ParOldGen       total 87552K, used 65587K [0x0000000081e00000, 0x0000000087380000, 0x00000000d5f80000)
  object space 87552K, 74% used [0x0000000081e00000,0x0000000085e0ce08,0x0000000087380000)
 Metaspace       used 9600K, capacity 9750K, committed 9984K, reserved 1058816K
  class space    used 888K, capacity 941K, committed 1024K, reserved 1048576K
}
Event: 16.241 GC heap before
{Heap before GC invocations=60 (full 0):
 PSYoungGen      total 122880K, used 117199K [0x00000000d5f80000, 0x00000000ddd80000, 0x0000000100000000)
  eden space 116736K, 100% used [0x00000000d5f80000,0x00000000dd180000,0x00000000dd180000)
  from space 6144K, 7% used [0x00000000dd180000,0x00000000dd1f3c78,0x00000000dd780000)
  to   space 5632K, 0% used [0x00000000dd800000,0x00000000dd800000,0x00000000ddd80000)
 ParOldGen       total 87552K, used 65587K [0x0000000081e00000, 0x0000000087380000, 0x00000000d5f80000)
  object space 87552K, 74% used [0x0000000081e00000,0x0000000085e0ce08,0x0000000087380000)
 Metaspace       used 9620K, capacity 9814K, committed 9984K, reserved 1058816K
  class space    used 888K, capacity 941K, committed 1024K, reserved 1048576K
Event: 16.244 GC heap after
Heap after GC invocations=60 (full 0):
 PSYoungGen      total 122368K, used 992K [0x00000000d5f80000, 0x00000000ddd80000, 0x0000000100000000)
  eden space 116736K, 0% used [0x00000000d5f80000,0x00000000d5f80000,0x00000000dd180000)
  from space 5632K, 17% used [0x00000000dd800000,0x00000000dd8f8000,0x00000000ddd80000)
  to   space 6144K, 0% used [0x00000000dd180000,0x00000000dd180000,0x00000000dd780000)
 ParOldGen       total 87552K, used 65587K [0x0000000081e00000, 0x0000000087380000, 0x00000000d5f80000)
  object space 87552K, 74% used [0x0000000081e00000,0x0000000085e0ce08,0x0000000087380000)
 Metaspace       used 9620K, capacity 9814K, committed 9984K, reserved 1058816K
  class space    used 888K, capacity 941K, committed 1024K, reserved 1048576K
}

