# JRE version: Java(TM) SE Runtime Environment (8.0_60-b27) (build 1.8.0_60-b27)
# Java VM: Java HotSpot(TM) 64-Bit Server VM (25.60-b23 mixed mode windows-amd64 compressed oops)
Heap:
 PSYoungGen      total 226304K, used 148076K [0x00000000d5f80000, 0x00000000e4980000, 0x0000000100000000)
  eden space 212992K, 66% used [0x00000000d5f80000,0x00000000de9a0a18,0x00000000e2f80000)
  from space 13312K, 49% used [0x00000000e3c80000,0x00000000e42fa828,0x00000000e4980000)
  to   space 13312K, 0% used [0x00000000e2f80000,0x00000000e2f80000,0x00000000e3c80000)
 ParOldGen       total 87552K, used 41729K [0x0000000081e00000, 0x0000000087380000, 0x00000000d5f80000)
  object space 87552K, 47% used [0x0000000081e00000,0x00000000846c0700,0x0000000087380000)
 Metaspace       used 9638K, capacity 9806K, committed 9984K, reserved 1058816K
  class space    used 907K, capacity 953K, committed 1024K, reserved 1048576K
GC Heap History (10 events):
Event: 6.696 GC heap before
{Heap before GC invocations=6 (full 0):
 PSYoungGen      total 138240K, used 138216K [0x00000000d5f80000, 0x00000000deb80000, 0x0000000100000000)
  eden space 133120K, 100% used [0x00000000d5f80000,0x00000000de180000,0x00000000de180000)
  from space 5120K, 99% used [0x00000000de180000,0x00000000de67a3b0,0x00000000de680000)
  to   space 5120K, 0% used [0x00000000de680000,0x00000000de680000,0x00000000deb80000)
 ParOldGen       total 87552K, used 16333K [0x0000000081e00000, 0x0000000087380000, 0x00000000d5f80000)
  object space 87552K, 18% used [0x0000000081e00000,0x0000000082df3718,0x0000000087380000)
 Metaspace       used 9330K, capacity 9526K, committed 9728K, reserved 1058816K
  class space    used 900K, capacity 949K, committed 1024K, reserved 1048576K
Event: 6.716 GC heap after
Heap after GC invocations=6 (full 0):
 PSYoungGen      total 138240K, used 5103K [0x00000000d5f80000, 0x00000000deb80000, 0x0000000100000000)
  eden space 133120K, 0% used [0x00000000d5f80000,0x00000000d5f80000,0x00000000de180000)
  from space 5120K, 99% used [0x00000000de680000,0x00000000deb7bca0,0x00000000deb80000)
  to   space 5120K, 0% used [0x00000000de180000,0x00000000de180000,0x00000000de680000)
 ParOldGen       total 87552K, used 24783K [0x0000000081e00000, 0x0000000087380000, 0x00000000d5f80000)
  object space 87552K, 28% used [0x0000000081e00000,0x0000000083633d70,0x0000000087380000)
 Metaspace       used 9330K, capacity 9526K, committed 9728K, reserved 1058816K
  class space    used 900K, capacity 949K, committed 1024K, reserved 1048576K
}
Event: 7.282 GC heap before
{Heap before GC invocations=7 (full 0):
 PSYoungGen      total 138240K, used 138223K [0x00000000d5f80000, 0x00000000deb80000, 0x0000000100000000)
  eden space 133120K, 100% used [0x00000000d5f80000,0x00000000de180000,0x00000000de180000)
  from space 5120K, 99% used [0x00000000de680000,0x00000000deb7bca0,0x00000000deb80000)
  to   space 5120K, 0% used [0x00000000de180000,0x00000000de180000,0x00000000de680000)
 ParOldGen       total 87552K, used 24783K [0x0000000081e00000, 0x0000000087380000, 0x00000000d5f80000)
  object space 87552K, 28% used [0x0000000081e00000,0x0000000083633d70,0x0000000087380000)
 Metaspace       used 9344K, capacity 9526K, committed 9728K, reserved 1058816K
  class space    used 900K, capacity 949K, committed 1024K, reserved 1048576K
Event: 7.298 GC heap after
Heap after GC invocations=7 (full 0):
 PSYoungGen      total 138240K, used 5104K [0x00000000d5f80000, 0x00000000deb80000, 0x0000000100000000)
  eden space 133120K, 0% used [0x00000000d5f80000,0x00000000d5f80000,0x00000000de180000)
  from space 5120K, 99% used [0x00000000de180000,0x00000000de67c298,0x00000000de680000)
  to   space 5120K, 0% used [0x00000000de680000,0x00000000de680000,0x00000000deb80000)
 ParOldGen       total 87552K, used 30252K [0x0000000081e00000, 0x0000000087380000, 0x00000000d5f80000)
  object space 87552K, 34% used [0x0000000081e00000,0x0000000083b8b280,0x0000000087380000)
 Metaspace       used 9344K, capacity 9526K, committed 9728K, reserved 1058816K
  class space    used 900K, capacity 949K, committed 1024K, reserved 1048576K
}
Event: 7.890 GC heap before
{Heap before GC invocations=8 (full 0):
 PSYoungGen      total 138240K, used 138224K [0x00000000d5f80000, 0x00000000deb80000, 0x0000000100000000)
  eden space 133120K, 100% used [0x00000000d5f80000,0x00000000de180000,0x00000000de180000)
  from space 5120K, 99% used [0x00000000de180000,0x00000000de67c298,0x00000000de680000)
  to   space 5120K, 0% used [0x00000000de680000,0x00000000de680000,0x00000000deb80000)
 ParOldGen       total 87552K, used 30252K [0x0000000081e00000, 0x0000000087380000, 0x00000000d5f80000)
  object space 87552K, 34% used [0x0000000081e00000,0x0000000083b8b280,0x0000000087380000)
 Metaspace       used 9354K, capacity 9526K, committed 9728K, reserved 1058816K
  class space    used 900K, capacity 949K, committed 1024K, reserved 1048576K
Event: 7.897 GC heap after
Heap after GC invocations=8 (full 0):
 PSYoungGen      total 138240K, used 5089K [0x00000000d5f80000, 0x00000000deb80000, 0x0000000100000000)
  eden space 133120K, 0% used [0x00000000d5f80000,0x00000000d5f80000,0x00000000de180000)
  from space 5120K, 99% used [0x00000000de680000,0x00000000deb786d8,0x00000000deb80000)
  to   space 5120K, 0% used [0x00000000de180000,0x00000000de180000,0x00000000de680000)
 ParOldGen       total 87552K, used 32934K [0x0000000081e00000, 0x0000000087380000, 0x00000000d5f80000)
  object space 87552K, 37% used [0x0000000081e00000,0x0000000083e29958,0x0000000087380000)
 Metaspace       used 9354K, capacity 9526K, committed 9728K, reserved 1058816K
  class space    used 900K, capacity 949K, committed 1024K, reserved 1048576K
}
Event: 8.403 GC heap before
{Heap before GC invocations=9 (full 0):
 PSYoungGen      total 138240K, used 138209K [0x00000000d5f80000, 0x00000000deb80000, 0x0000000100000000)
  eden space 133120K, 100% used [0x00000000d5f80000,0x00000000de180000,0x00000000de180000)
  from space 5120K, 99% used [0x00000000de680000,0x00000000deb786d8,0x00000000deb80000)
  to   space 5120K, 0% used [0x00000000de180000,0x00000000de180000,0x00000000de680000)
 ParOldGen       total 87552K, used 32934K [0x0000000081e00000, 0x0000000087380000, 0x00000000d5f80000)
  object space 87552K, 37% used [0x0000000081e00000,0x0000000083e29958,0x0000000087380000)
 Metaspace       used 9370K, capacity 9532K, committed 9728K, reserved 1058816K
  class space    used 901K, capacity 950K, committed 1024K, reserved 1048576K
Event: 8.418 GC heap after
Heap after GC invocations=9 (full 0):
 PSYoungGen      total 138240K, used 5114K [0x00000000d5f80000, 0x00000000e4980000, 0x0000000100000000)
  eden space 133120K, 0% used [0x00000000d5f80000,0x00000000d5f80000,0x00000000de180000)
  from space 5120K, 99% used [0x00000000de180000,0x00000000de67ebd8,0x00000000de680000)
  to   space 13312K, 0% used [0x00000000e3c80000,0x00000000e3c80000,0x00000000e4980000)
 ParOldGen       total 87552K, used 37699K [0x0000000081e00000, 0x0000000087380000, 0x00000000d5f80000)
  object space 87552K, 43% used [0x0000000081e00000,0x00000000842d0d30,0x0000000087380000)
 Metaspace       used 9370K, capacity 9532K, committed 9728K, reserved 1058816K
  class space    used 901K, capacity 950K, committed 1024K, reserved 1048576K
}
Event: 9.047 GC heap before
{Heap before GC invocations=10 (full 0):
 PSYoungGen      total 138240K, used 138234K [0x00000000d5f80000, 0x00000000e4980000, 0x0000000100000000)
  eden space 133120K, 100% used [0x00000000d5f80000,0x00000000de180000,0x00000000de180000)
  from space 5120K, 99% used [0x00000000de180000,0x00000000de67ebd8,0x00000000de680000)
  to   space 13312K, 0% used [0x00000000e3c80000,0x00000000e3c80000,0x00000000e4980000)
 ParOldGen       total 87552K, used 37699K [0x0000000081e00000, 0x0000000087380000, 0x00000000d5f80000)
  object space 87552K, 43% used [0x0000000081e00000,0x00000000842d0d30,0x0000000087380000)
 Metaspace       used 9390K, capacity 9596K, committed 9728K, reserved 1058816K
  class space    used 901K, capacity 950K, committed 1024K, reserved 1048576K
Event: 9.063 GC heap after
Heap after GC invocations=10 (full 0):
 PSYoungGen      total 226304K, used 6634K [0x00000000d5f80000, 0x00000000e4980000, 0x0000000100000000)
  eden space 212992K, 0% used [0x00000000d5f80000,0x00000000d5f80000,0x00000000e2f80000)
  from space 13312K, 49% used [0x00000000e3c80000,0x00000000e42fa828,0x00000000e4980000)
  to   space 13312K, 0% used [0x00000000e2f80000,0x00000000e2f80000,0x00000000e3c80000)
 ParOldGen       total 87552K, used 41729K [0x0000000081e00000, 0x0000000087380000, 0x00000000d5f80000)
  object space 87552K, 47% used [0x0000000081e00000,0x00000000846c0700,0x0000000087380000)
 Metaspace       used 9390K, capacity 9596K, committed 9728K, reserved 1058816K
  class space    used 901K, capacity 950K, committed 1024K, reserved 1048576K
}

