# JRE version: Java(TM) SE Runtime Environment (8.0_60-b27) (build 1.8.0_60-b27)
# Java VM: Java HotSpot(TM) 64-Bit Server VM (25.60-b23 mixed mode windows-amd64 compressed oops)
Heap:
 PSYoungGen      total 105984K, used 70005K [0x00000000d5f80000, 0x00000000dd380000, 0x0000000100000000)
  eden space 93184K, 74% used [0x00000000d5f80000,0x00000000da394078,0x00000000dba80000)
  from space 12800K, 2% used [0x00000000dc700000,0x00000000dc749488,0x00000000dd380000)
  to   space 12800K, 0% used [0x00000000dba80000,0x00000000dba80000,0x00000000dc700000)
 ParOldGen       total 87552K, used 58917K [0x0000000081e00000, 0x0000000087380000, 0x00000000d5f80000)
  object space 87552K, 67% used [0x0000000081e00000,0x0000000085789768,0x0000000087380000)
 Metaspace       used 9572K, capacity 9744K, committed 9984K, reserved 1058816K
  class space    used 887K, capacity 940K, committed 1024K, reserved 1048576K
GC Heap History (10 events):
Event: 12.417 GC heap before
{Heap before GC invocations=24 (full 0):
 PSYoungGen      total 105984K, used 93285K [0x00000000d5f80000, 0x00000000dd380000, 0x0000000100000000)
  eden space 93184K, 100% used [0x00000000d5f80000,0x00000000dba80000,0x00000000dba80000)
  from space 12800K, 0% used [0x00000000dba80000,0x00000000dba99790,0x00000000dc700000)
  to   space 12800K, 0% used [0x00000000dc700000,0x00000000dc700000,0x00000000dd380000)
 ParOldGen       total 87552K, used 50749K [0x0000000081e00000, 0x0000000087380000, 0x00000000d5f80000)
  object space 87552K, 57% used [0x0000000081e00000,0x0000000084f8f768,0x0000000087380000)
 Metaspace       used 9572K, capacity 9744K, committed 9984K, reserved 1058816K
  class space    used 887K, capacity 940K, committed 1024K, reserved 1048576K
Event: 12.422 GC heap after
Heap after GC invocations=24 (full 0):
 PSYoungGen      total 105984K, used 4227K [0x00000000d5f80000, 0x00000000dd380000, 0x0000000100000000)
  eden space 93184K, 0% used [0x00000000d5f80000,0x00000000d5f80000,0x00000000dba80000)
  from space 12800K, 33% used [0x00000000dc700000,0x00000000dcb20c48,0x00000000dd380000)
  to   space 12800K, 0% used [0x00000000dba80000,0x00000000dba80000,0x00000000dc700000)
 ParOldGen       total 87552K, used 50749K [0x0000000081e00000, 0x0000000087380000, 0x00000000d5f80000)
  object space 87552K, 57% used [0x0000000081e00000,0x0000000084f8f768,0x0000000087380000)
 Metaspace       used 9572K, capacity 9744K, committed 9984K, reserved 1058816K
  class space    used 887K, capacity 940K, committed 1024K, reserved 1048576K
}
Event: 12.439 GC heap before
{Heap before GC invocations=25 (full 0):
 PSYoungGen      total 105984K, used 97380K [0x00000000d5f80000, 0x00000000dd380000, 0x0000000100000000)
  eden space 93184K, 99% used [0x00000000d5f80000,0x00000000dba78620,0x00000000dba80000)
  from space 12800K, 33% used [0x00000000dc700000,0x00000000dcb20c48,0x00000000dd380000)
  to   space 12800K, 0% used [0x00000000dba80000,0x00000000dba80000,0x00000000dc700000)
 ParOldGen       total 87552K, used 50749K [0x0000000081e00000, 0x0000000087380000, 0x00000000d5f80000)
  object space 87552K, 57% used [0x0000000081e00000,0x0000000084f8f768,0x0000000087380000)
 Metaspace       used 9572K, capacity 9744K, committed 9984K, reserved 1058816K
  class space    used 887K, capacity 940K, committed 1024K, reserved 1048576K
Event: 12.443 GC heap after
Heap after GC invocations=25 (full 0):
 PSYoungGen      total 105984K, used 101K [0x00000000d5f80000, 0x00000000dd380000, 0x0000000100000000)
  eden space 93184K, 0% used [0x00000000d5f80000,0x00000000d5f80000,0x00000000dba80000)
  from space 12800K, 0% used [0x00000000dba80000,0x00000000dba99640,0x00000000dc700000)
  to   space 12800K, 0% used [0x00000000dc700000,0x00000000dc700000,0x00000000dd380000)
 ParOldGen       total 87552K, used 54941K [0x0000000081e00000, 0x0000000087380000, 0x00000000d5f80000)
  object space 87552K, 62% used [0x0000000081e00000,0x00000000853a7768,0x0000000087380000)
 Metaspace       used 9572K, capacity 9744K, committed 9984K, reserved 1058816K
  class space    used 887K, capacity 940K, committed 1024K, reserved 1048576K
}
Event: 13.516 GC heap before
{Heap before GC invocations=26 (full 0):
 PSYoungGen      total 105984K, used 93285K [0x00000000d5f80000, 0x00000000dd380000, 0x0000000100000000)
  eden space 93184K, 100% used [0x00000000d5f80000,0x00000000dba80000,0x00000000dba80000)
  from space 12800K, 0% used [0x00000000dba80000,0x00000000dba99640,0x00000000dc700000)
  to   space 12800K, 0% used [0x00000000dc700000,0x00000000dc700000,0x00000000dd380000)
 ParOldGen       total 87552K, used 54941K [0x0000000081e00000, 0x0000000087380000, 0x00000000d5f80000)
  object space 87552K, 62% used [0x0000000081e00000,0x00000000853a7768,0x0000000087380000)
 Metaspace       used 9572K, capacity 9744K, committed 9984K, reserved 1058816K
  class space    used 887K, capacity 940K, committed 1024K, reserved 1048576K
Event: 13.521 GC heap after
Heap after GC invocations=26 (full 0):
 PSYoungGen      total 105984K, used 4033K [0x00000000d5f80000, 0x00000000dd380000, 0x0000000100000000)
  eden space 93184K, 0% used [0x00000000d5f80000,0x00000000d5f80000,0x00000000dba80000)
  from space 12800K, 31% used [0x00000000dc700000,0x00000000dcaf0680,0x00000000dd380000)
  to   space 12800K, 0% used [0x00000000dba80000,0x00000000dba80000,0x00000000dc700000)
 ParOldGen       total 87552K, used 54941K [0x0000000081e00000, 0x0000000087380000, 0x00000000d5f80000)
  object space 87552K, 62% used [0x0000000081e00000,0x00000000853a7768,0x0000000087380000)
 Metaspace       used 9572K, capacity 9744K, committed 9984K, reserved 1058816K
  class space    used 887K, capacity 940K, committed 1024K, reserved 1048576K
}
Event: 13.538 GC heap before
{Heap before GC invocations=27 (full 0):
 PSYoungGen      total 105984K, used 97152K [0x00000000d5f80000, 0x00000000dd380000, 0x0000000100000000)
  eden space 93184K, 99% used [0x00000000d5f80000,0x00000000dba6fd78,0x00000000dba80000)
  from space 12800K, 31% used [0x00000000dc700000,0x00000000dcaf0680,0x00000000dd380000)
  to   space 12800K, 0% used [0x00000000dba80000,0x00000000dba80000,0x00000000dc700000)
 ParOldGen       total 87552K, used 54941K [0x0000000081e00000, 0x0000000087380000, 0x00000000d5f80000)
  object space 87552K, 62% used [0x0000000081e00000,0x00000000853a7768,0x0000000087380000)
 Metaspace       used 9572K, capacity 9744K, committed 9984K, reserved 1058816K
  class space    used 887K, capacity 940K, committed 1024K, reserved 1048576K
Event: 13.542 GC heap after
Heap after GC invocations=27 (full 0):
 PSYoungGen      total 105984K, used 100K [0x00000000d5f80000, 0x00000000dd380000, 0x0000000100000000)
  eden space 93184K, 0% used [0x00000000d5f80000,0x00000000d5f80000,0x00000000dba80000)
  from space 12800K, 0% used [0x00000000dba80000,0x00000000dba99278,0x00000000dc700000)
  to   space 12800K, 0% used [0x00000000dc700000,0x00000000dc700000,0x00000000dd380000)
 ParOldGen       total 87552K, used 58917K [0x0000000081e00000, 0x0000000087380000, 0x00000000d5f80000)
  object space 87552K, 67% used [0x0000000081e00000,0x0000000085789768,0x0000000087380000)
 Metaspace       used 9572K, capacity 9744K, committed 9984K, reserved 1058816K
  class space    used 887K, capacity 940K, committed 1024K, reserved 1048576K
}
Event: 13.642 GC heap before
{Heap before GC invocations=28 (full 0):
 PSYoungGen      total 105984K, used 93284K [0x00000000d5f80000, 0x00000000dd380000, 0x0000000100000000)
  eden space 93184K, 100% used [0x00000000d5f80000,0x00000000dba80000,0x00000000dba80000)
  from space 12800K, 0% used [0x00000000dba80000,0x00000000dba99278,0x00000000dc700000)
  to   space 12800K, 0% used [0x00000000dc700000,0x00000000dc700000,0x00000000dd380000)
 ParOldGen       total 87552K, used 58917K [0x0000000081e00000, 0x0000000087380000, 0x00000000d5f80000)
  object space 87552K, 67% used [0x0000000081e00000,0x0000000085789768,0x0000000087380000)
 Metaspace       used 9572K, capacity 9744K, committed 9984K, reserved 1058816K
  class space    used 887K, capacity 940K, committed 1024K, reserved 1048576K
Event: 13.643 GC heap after
Heap after GC invocations=28 (full 0):
 PSYoungGen      total 105984K, used 293K [0x00000000d5f80000, 0x00000000dd380000, 0x0000000100000000)
  eden space 93184K, 0% used [0x00000000d5f80000,0x00000000d5f80000,0x00000000dba80000)
  from space 12800K, 2% used [0x00000000dc700000,0x00000000dc749488,0x00000000dd380000)
  to   space 12800K, 0% used [0x00000000dba80000,0x00000000dba80000,0x00000000dc700000)
 ParOldGen       total 87552K, used 58917K [0x0000000081e00000, 0x0000000087380000, 0x00000000d5f80000)
  object space 87552K, 67% used [0x0000000081e00000,0x0000000085789768,0x0000000087380000)
 Metaspace       used 9572K, capacity 9744K, committed 9984K, reserved 1058816K
  class space    used 887K, capacity 940K, committed 1024K, reserved 1048576K
}

