# JRE version: Java(TM) SE Runtime Environment (8.0_60-b27) (build 1.8.0_60-b27)
# Java VM: Java HotSpot(TM) 64-Bit Server VM (25.60-b23 mixed mode windows-amd64 compressed oops)
Heap:
 PSYoungGen      total 102400K, used 72216K [0x00000000d5f80000, 0x00000000dcd80000, 0x0000000100000000)
  eden space 93184K, 77% used [0x00000000d5f80000,0x00000000da5eeb00,0x00000000dba80000)
  from space 9216K, 1% used [0x00000000dc480000,0x00000000dc497688,0x00000000dcd80000)
  to   space 9728K, 0% used [0x00000000dba80000,0x00000000dba80000,0x00000000dc400000)
 ParOldGen       total 87552K, used 46991K [0x0000000081e00000, 0x0000000087380000, 0x00000000d5f80000)
  object space 87552K, 53% used [0x0000000081e00000,0x0000000084be3d10,0x0000000087380000)
 Metaspace       used 9565K, capacity 9744K, committed 9984K, reserved 1058816K
  class space    used 887K, capacity 940K, committed 1024K, reserved 1048576K
GC Heap History (10 events):
Event: 9.579 GC heap before
{Heap before GC invocations=20 (full 0):
 PSYoungGen      total 71680K, used 66628K [0x00000000d5f80000, 0x00000000daa80000, 0x0000000100000000)
  eden space 66560K, 99% used [0x00000000d5f80000,0x00000000da07d930,0x00000000da080000)
  from space 5120K, 1% used [0x00000000da080000,0x00000000da093810,0x00000000da580000)
  to   space 5120K, 0% used [0x00000000da580000,0x00000000da580000,0x00000000daa80000)
 ParOldGen       total 87552K, used 39815K [0x0000000081e00000, 0x0000000087380000, 0x00000000d5f80000)
  object space 87552K, 45% used [0x0000000081e00000,0x00000000844e1d00,0x0000000087380000)
 Metaspace       used 9556K, capacity 9744K, committed 9984K, reserved 1058816K
  class space    used 887K, capacity 940K, committed 1024K, reserved 1048576K
Event: 9.583 GC heap after
Heap after GC invocations=20 (full 0):
 PSYoungGen      total 71680K, used 3325K [0x00000000d5f80000, 0x00000000daa80000, 0x0000000100000000)
  eden space 66560K, 0% used [0x00000000d5f80000,0x00000000d5f80000,0x00000000da080000)
  from space 5120K, 64% used [0x00000000da580000,0x00000000da8bf4b8,0x00000000daa80000)
  to   space 5120K, 0% used [0x00000000da080000,0x00000000da080000,0x00000000da580000)
 ParOldGen       total 87552K, used 39815K [0x0000000081e00000, 0x0000000087380000, 0x00000000d5f80000)
  object space 87552K, 45% used [0x0000000081e00000,0x00000000844e1d00,0x0000000087380000)
 Metaspace       used 9556K, capacity 9744K, committed 9984K, reserved 1058816K
  class space    used 887K, capacity 940K, committed 1024K, reserved 1048576K
}
Event: 9.597 GC heap before
{Heap before GC invocations=21 (full 0):
 PSYoungGen      total 71680K, used 69829K [0x00000000d5f80000, 0x00000000daa80000, 0x0000000100000000)
  eden space 66560K, 99% used [0x00000000d5f80000,0x00000000da0722d8,0x00000000da080000)
  from space 5120K, 64% used [0x00000000da580000,0x00000000da8bf4b8,0x00000000daa80000)
  to   space 5120K, 0% used [0x00000000da080000,0x00000000da080000,0x00000000da580000)
 ParOldGen       total 87552K, used 39815K [0x0000000081e00000, 0x0000000087380000, 0x00000000d5f80000)
  object space 87552K, 45% used [0x0000000081e00000,0x00000000844e1d00,0x0000000087380000)
 Metaspace       used 9556K, capacity 9744K, committed 9984K, reserved 1058816K
  class space    used 887K, capacity 940K, committed 1024K, reserved 1048576K
Event: 9.601 GC heap after
Heap after GC invocations=21 (full 0):
 PSYoungGen      total 71680K, used 90K [0x00000000d5f80000, 0x00000000daa80000, 0x0000000100000000)
  eden space 66560K, 0% used [0x00000000d5f80000,0x00000000d5f80000,0x00000000da080000)
  from space 5120K, 1% used [0x00000000da080000,0x00000000da0968a8,0x00000000da580000)
  to   space 5120K, 0% used [0x00000000da580000,0x00000000da580000,0x00000000daa80000)
 ParOldGen       total 87552K, used 43079K [0x0000000081e00000, 0x0000000087380000, 0x00000000d5f80000)
  object space 87552K, 49% used [0x0000000081e00000,0x0000000084811d00,0x0000000087380000)
 Metaspace       used 9556K, capacity 9744K, committed 9984K, reserved 1058816K
  class space    used 887K, capacity 940K, committed 1024K, reserved 1048576K
}
Event: 9.615 GC heap before
{Heap before GC invocations=22 (full 0):
 PSYoungGen      total 71680K, used 66619K [0x00000000d5f80000, 0x00000000daa80000, 0x0000000100000000)
  eden space 66560K, 99% used [0x00000000d5f80000,0x00000000da0785d8,0x00000000da080000)
  from space 5120K, 1% used [0x00000000da080000,0x00000000da0968a8,0x00000000da580000)
  to   space 5120K, 0% used [0x00000000da580000,0x00000000da580000,0x00000000daa80000)
 ParOldGen       total 87552K, used 43079K [0x0000000081e00000, 0x0000000087380000, 0x00000000d5f80000)
  object space 87552K, 49% used [0x0000000081e00000,0x0000000084811d00,0x0000000087380000)
 Metaspace       used 9556K, capacity 9744K, committed 9984K, reserved 1058816K
  class space    used 887K, capacity 940K, committed 1024K, reserved 1048576K
Event: 9.616 GC heap after
Heap after GC invocations=22 (full 0):
 PSYoungGen      total 71680K, used 185K [0x00000000d5f80000, 0x00000000daa80000, 0x0000000100000000)
  eden space 66560K, 0% used [0x00000000d5f80000,0x00000000d5f80000,0x00000000da080000)
  from space 5120K, 3% used [0x00000000da580000,0x00000000da5ae7a0,0x00000000daa80000)
  to   space 5120K, 0% used [0x00000000da080000,0x00000000da080000,0x00000000da580000)
 ParOldGen       total 87552K, used 43079K [0x0000000081e00000, 0x0000000087380000, 0x00000000d5f80000)
  object space 87552K, 49% used [0x0000000081e00000,0x0000000084811d00,0x0000000087380000)
 Metaspace       used 9556K, capacity 9744K, committed 9984K, reserved 1058816K
  class space    used 887K, capacity 940K, committed 1024K, reserved 1048576K
}
Event: 10.571 GC heap before
{Heap before GC invocations=23 (full 0):
 PSYoungGen      total 71680K, used 66697K [0x00000000d5f80000, 0x00000000daa80000, 0x0000000100000000)
  eden space 66560K, 99% used [0x00000000d5f80000,0x00000000da073e78,0x00000000da080000)
  from space 5120K, 3% used [0x00000000da580000,0x00000000da5ae7a0,0x00000000daa80000)
  to   space 5120K, 0% used [0x00000000da080000,0x00000000da080000,0x00000000da580000)
 ParOldGen       total 87552K, used 43079K [0x0000000081e00000, 0x0000000087380000, 0x00000000d5f80000)
  object space 87552K, 49% used [0x0000000081e00000,0x0000000084811d00,0x0000000087380000)
 Metaspace       used 9564K, capacity 9744K, committed 9984K, reserved 1058816K
  class space    used 887K, capacity 940K, committed 1024K, reserved 1048576K
Event: 10.576 GC heap after
Heap after GC invocations=23 (full 0):
 PSYoungGen      total 71680K, used 3971K [0x00000000d5f80000, 0x00000000dce80000, 0x0000000100000000)
  eden space 66560K, 0% used [0x00000000d5f80000,0x00000000d5f80000,0x00000000da080000)
  from space 5120K, 77% used [0x00000000da080000,0x00000000da460ea0,0x00000000da580000)
  to   space 10240K, 0% used [0x00000000dc480000,0x00000000dc480000,0x00000000dce80000)
 ParOldGen       total 87552K, used 43079K [0x0000000081e00000, 0x0000000087380000, 0x00000000d5f80000)
  object space 87552K, 49% used [0x0000000081e00000,0x0000000084811d00,0x0000000087380000)
 Metaspace       used 9564K, capacity 9744K, committed 9984K, reserved 1058816K
  class space    used 887K, capacity 940K, committed 1024K, reserved 1048576K
}
Event: 10.588 GC heap before
{Heap before GC invocations=24 (full 0):
 PSYoungGen      total 71680K, used 70472K [0x00000000d5f80000, 0x00000000dce80000, 0x0000000100000000)
  eden space 66560K, 99% used [0x00000000d5f80000,0x00000000da071548,0x00000000da080000)
  from space 5120K, 77% used [0x00000000da080000,0x00000000da460ea0,0x00000000da580000)
  to   space 10240K, 0% used [0x00000000dc480000,0x00000000dc480000,0x00000000dce80000)
 ParOldGen       total 87552K, used 43079K [0x0000000081e00000, 0x0000000087380000, 0x00000000d5f80000)
  object space 87552K, 49% used [0x0000000081e00000,0x0000000084811d00,0x0000000087380000)
 Metaspace       used 9564K, capacity 9744K, committed 9984K, reserved 1058816K
  class space    used 887K, capacity 940K, committed 1024K, reserved 1048576K
Event: 10.592 GC heap after
Heap after GC invocations=24 (full 0):
 PSYoungGen      total 102400K, used 93K [0x00000000d5f80000, 0x00000000dcd80000, 0x0000000100000000)
  eden space 93184K, 0% used [0x00000000d5f80000,0x00000000d5f80000,0x00000000dba80000)
  from space 9216K, 1% used [0x00000000dc480000,0x00000000dc497688,0x00000000dcd80000)
  to   space 9728K, 0% used [0x00000000dba80000,0x00000000dba80000,0x00000000dc400000)
 ParOldGen       total 87552K, used 46991K [0x0000000081e00000, 0x0000000087380000, 0x00000000d5f80000)
  object space 87552K, 53% used [0x0000000081e00000,0x0000000084be3d10,0x0000000087380000)
 Metaspace       used 9564K, capacity 9744K, committed 9984K, reserved 1058816K
  class space    used 887K, capacity 940K, committed 1024K, reserved 1048576K
}

