# JRE version: Java(TM) SE Runtime Environment (8.0_60-b27) (build 1.8.0_60-b27)
# Java VM: Java HotSpot(TM) 64-Bit Server VM (25.60-b23 mixed mode windows-amd64 compressed oops)
Heap:
 PSYoungGen      total 87040K, used 14068K [0x00000000d5f80000, 0x00000000dbc00000, 0x0000000100000000)
  eden space 79360K, 15% used [0x00000000d5f80000,0x00000000d6bcd238,0x00000000dad00000)
  from space 7680K, 19% used [0x00000000db480000,0x00000000db5f0000,0x00000000dbc00000)
  to   space 7680K, 0% used [0x00000000dad00000,0x00000000dad00000,0x00000000db480000)
 ParOldGen       total 87552K, used 75042K [0x0000000081e00000, 0x0000000087380000, 0x00000000d5f80000)
  object space 87552K, 85% used [0x0000000081e00000,0x0000000086748ae0,0x0000000087380000)
 Metaspace       used 9862K, capacity 10078K, committed 10240K, reserved 1058816K
  class space    used 908K, capacity 953K, committed 1024K, reserved 1048576K
GC Heap History (10 events):
Event: 13.012 GC heap before
{Heap before GC invocations=42 (full 0):
 PSYoungGen      total 87040K, used 81241K [0x00000000d5f80000, 0x00000000dbc00000, 0x0000000100000000)
  eden space 79360K, 99% used [0x00000000d5f80000,0x00000000dace99b0,0x00000000dad00000)
  from space 7680K, 25% used [0x00000000dad00000,0x00000000daeecbd8,0x00000000db480000)
  to   space 7680K, 0% used [0x00000000db480000,0x00000000db480000,0x00000000dbc00000)
 ParOldGen       total 87552K, used 69362K [0x0000000081e00000, 0x0000000087380000, 0x00000000d5f80000)
  object space 87552K, 79% used [0x0000000081e00000,0x00000000861bcad0,0x0000000087380000)
 Metaspace       used 9862K, capacity 10078K, committed 10240K, reserved 1058816K
  class space    used 908K, capacity 953K, committed 1024K, reserved 1048576K
Event: 13.015 GC heap after
Heap after GC invocations=42 (full 0):
 PSYoungGen      total 87040K, used 107K [0x00000000d5f80000, 0x00000000dbc00000, 0x0000000100000000)
  eden space 79360K, 0% used [0x00000000d5f80000,0x00000000d5f80000,0x00000000dad00000)
  from space 7680K, 1% used [0x00000000db480000,0x00000000db49ad18,0x00000000dbc00000)
  to   space 7680K, 0% used [0x00000000dad00000,0x00000000dad00000,0x00000000db480000)
 ParOldGen       total 87552K, used 71258K [0x0000000081e00000, 0x0000000087380000, 0x00000000d5f80000)
  object space 87552K, 81% used [0x0000000081e00000,0x0000000086396ae0,0x0000000087380000)
 Metaspace       used 9862K, capacity 10078K, committed 10240K, reserved 1058816K
  class space    used 908K, capacity 953K, committed 1024K, reserved 1048576K
}
Event: 13.705 GC heap before
{Heap before GC invocations=43 (full 0):
 PSYoungGen      total 87040K, used 79467K [0x00000000d5f80000, 0x00000000dbc00000, 0x0000000100000000)
  eden space 79360K, 100% used [0x00000000d5f80000,0x00000000dad00000,0x00000000dad00000)
  from space 7680K, 1% used [0x00000000db480000,0x00000000db49ad18,0x00000000dbc00000)
  to   space 7680K, 0% used [0x00000000dad00000,0x00000000dad00000,0x00000000db480000)
 ParOldGen       total 87552K, used 71258K [0x0000000081e00000, 0x0000000087380000, 0x00000000d5f80000)
  object space 87552K, 81% used [0x0000000081e00000,0x0000000086396ae0,0x0000000087380000)
 Metaspace       used 9862K, capacity 10078K, committed 10240K, reserved 1058816K
  class space    used 908K, capacity 953K, committed 1024K, reserved 1048576K
Event: 13.711 GC heap after
Heap after GC invocations=43 (full 0):
 PSYoungGen      total 87040K, used 3264K [0x00000000d5f80000, 0x00000000dbc00000, 0x0000000100000000)
  eden space 79360K, 0% used [0x00000000d5f80000,0x00000000d5f80000,0x00000000dad00000)
  from space 7680K, 42% used [0x00000000dad00000,0x00000000db030398,0x00000000db480000)
  to   space 7680K, 0% used [0x00000000db480000,0x00000000db480000,0x00000000dbc00000)
 ParOldGen       total 87552K, used 71258K [0x0000000081e00000, 0x0000000087380000, 0x00000000d5f80000)
  object space 87552K, 81% used [0x0000000081e00000,0x0000000086396ae0,0x0000000087380000)
 Metaspace       used 9862K, capacity 10078K, committed 10240K, reserved 1058816K
  class space    used 908K, capacity 953K, committed 1024K, reserved 1048576K
}
Event: 14.019 GC heap before
{Heap before GC invocations=44 (full 0):
 PSYoungGen      total 87040K, used 82624K [0x00000000d5f80000, 0x00000000dbc00000, 0x0000000100000000)
  eden space 79360K, 100% used [0x00000000d5f80000,0x00000000dad00000,0x00000000dad00000)
  from space 7680K, 42% used [0x00000000dad00000,0x00000000db030398,0x00000000db480000)
  to   space 7680K, 0% used [0x00000000db480000,0x00000000db480000,0x00000000dbc00000)
 ParOldGen       total 87552K, used 71258K [0x0000000081e00000, 0x0000000087380000, 0x00000000d5f80000)
  object space 87552K, 81% used [0x0000000081e00000,0x0000000086396ae0,0x0000000087380000)
 Metaspace       used 9862K, capacity 10078K, committed 10240K, reserved 1058816K
  class space    used 908K, capacity 953K, committed 1024K, reserved 1048576K
Event: 14.023 GC heap after
Heap after GC invocations=44 (full 0):
 PSYoungGen      total 87040K, used 685K [0x00000000d5f80000, 0x00000000dbc00000, 0x0000000100000000)
  eden space 79360K, 0% used [0x00000000d5f80000,0x00000000d5f80000,0x00000000dad00000)
  from space 7680K, 8% used [0x00000000db480000,0x00000000db52b780,0x00000000dbc00000)
  to   space 7680K, 0% used [0x00000000dad00000,0x00000000dad00000,0x00000000db480000)
 ParOldGen       total 87552K, used 74402K [0x0000000081e00000, 0x0000000087380000, 0x00000000d5f80000)
  object space 87552K, 84% used [0x0000000081e00000,0x00000000866a8ae0,0x0000000087380000)
 Metaspace       used 9862K, capacity 10078K, committed 10240K, reserved 1058816K
  class space    used 908K, capacity 953K, committed 1024K, reserved 1048576K
}
Event: 14.037 GC heap before
{Heap before GC invocations=45 (full 0):
 PSYoungGen      total 87040K, used 79987K [0x00000000d5f80000, 0x00000000dbc00000, 0x0000000100000000)
  eden space 79360K, 99% used [0x00000000d5f80000,0x00000000dacf15c8,0x00000000dad00000)
  from space 7680K, 8% used [0x00000000db480000,0x00000000db52b780,0x00000000dbc00000)
  to   space 7680K, 0% used [0x00000000dad00000,0x00000000dad00000,0x00000000db480000)
 ParOldGen       total 87552K, used 74402K [0x0000000081e00000, 0x0000000087380000, 0x00000000d5f80000)
  object space 87552K, 84% used [0x0000000081e00000,0x00000000866a8ae0,0x0000000087380000)
 Metaspace       used 9862K, capacity 10078K, committed 10240K, reserved 1058816K
  class space    used 908K, capacity 953K, committed 1024K, reserved 1048576K
Event: 14.039 GC heap after
Heap after GC invocations=45 (full 0):
 PSYoungGen      total 87040K, used 91K [0x00000000d5f80000, 0x00000000dbc00000, 0x0000000100000000)
  eden space 79360K, 0% used [0x00000000d5f80000,0x00000000d5f80000,0x00000000dad00000)
  from space 7680K, 1% used [0x00000000dad00000,0x00000000dad16f60,0x00000000db480000)
  to   space 7680K, 0% used [0x00000000db480000,0x00000000db480000,0x00000000dbc00000)
 ParOldGen       total 87552K, used 75042K [0x0000000081e00000, 0x0000000087380000, 0x00000000d5f80000)
  object space 87552K, 85% used [0x0000000081e00000,0x0000000086748ae0,0x0000000087380000)
 Metaspace       used 9862K, capacity 10078K, committed 10240K, reserved 1058816K
  class space    used 908K, capacity 953K, committed 1024K, reserved 1048576K
}
Event: 14.289 GC heap before
{Heap before GC invocations=46 (full 0):
 PSYoungGen      total 87040K, used 79451K [0x00000000d5f80000, 0x00000000dbc00000, 0x0000000100000000)
  eden space 79360K, 100% used [0x00000000d5f80000,0x00000000dad00000,0x00000000dad00000)
  from space 7680K, 1% used [0x00000000dad00000,0x00000000dad16f60,0x00000000db480000)
  to   space 7680K, 0% used [0x00000000db480000,0x00000000db480000,0x00000000dbc00000)
 ParOldGen       total 87552K, used 75042K [0x0000000081e00000, 0x0000000087380000, 0x00000000d5f80000)
  object space 87552K, 85% used [0x0000000081e00000,0x0000000086748ae0,0x0000000087380000)
 Metaspace       used 9862K, capacity 10078K, committed 10240K, reserved 1058816K
  class space    used 908K, capacity 953K, committed 1024K, reserved 1048576K
Event: 14.291 GC heap after
Heap after GC invocations=46 (full 0):
 PSYoungGen      total 87040K, used 1472K [0x00000000d5f80000, 0x00000000dbc00000, 0x0000000100000000)
  eden space 79360K, 0% used [0x00000000d5f80000,0x00000000d5f80000,0x00000000dad00000)
  from space 7680K, 19% used [0x00000000db480000,0x00000000db5f0000,0x00000000dbc00000)
  to   space 7680K, 0% used [0x00000000dad00000,0x00000000dad00000,0x00000000db480000)
 ParOldGen       total 87552K, used 75042K [0x0000000081e00000, 0x0000000087380000, 0x00000000d5f80000)
  object space 87552K, 85% used [0x0000000081e00000,0x0000000086748ae0,0x0000000087380000)
 Metaspace       used 9862K, capacity 10078K, committed 10240K, reserved 1058816K
  class space    used 908K, capacity 953K, committed 1024K, reserved 1048576K
}

