# JRE version: Java(TM) SE Runtime Environment (8.0_60-b27) (build 1.8.0_60-b27)
# Java VM: Java HotSpot(TM) 64-Bit Server VM (25.60-b23 mixed mode windows-amd64 compressed oops)
Heap:
 PSYoungGen      total 118272K, used 3886K [0x00000000d5f80000, 0x00000000dde80000, 0x0000000100000000)
  eden space 106496K, 2% used [0x00000000d5f80000,0x00000000d619df18,0x00000000dc780000)
  from space 11776K, 14% used [0x00000000dc780000,0x00000000dc92dba8,0x00000000dd300000)
  to   space 11776K, 0% used [0x00000000dd300000,0x00000000dd300000,0x00000000dde80000)
 ParOldGen       total 87552K, used 39579K [0x0000000081e00000, 0x0000000087380000, 0x00000000d5f80000)
  object space 87552K, 45% used [0x0000000081e00000,0x00000000844a6c00,0x0000000087380000)
 Metaspace       used 9610K, capacity 9818K, committed 9984K, reserved 1058816K
  class space    used 907K, capacity 953K, committed 1024K, reserved 1048576K
GC Heap History (10 events):
Event: 4.315 GC heap before
{Heap before GC invocations=11 (full 0):
 PSYoungGen      total 118272K, used 111037K [0x00000000d5f80000, 0x00000000dde80000, 0x0000000100000000)
  eden space 106496K, 100% used [0x00000000d5f80000,0x00000000dc780000,0x00000000dc780000)
  from space 11776K, 38% used [0x00000000dd300000,0x00000000dd76f6e0,0x00000000dde80000)
  to   space 11776K, 0% used [0x00000000dc780000,0x00000000dc780000,0x00000000dd300000)
 ParOldGen       total 87552K, used 29954K [0x0000000081e00000, 0x0000000087380000, 0x00000000d5f80000)
  object space 87552K, 34% used [0x0000000081e00000,0x0000000083b40858,0x0000000087380000)
 Metaspace       used 9331K, capacity 9538K, committed 9728K, reserved 1058816K
  class space    used 900K, capacity 949K, committed 1024K, reserved 1048576K
Event: 4.324 GC heap after
Heap after GC invocations=11 (full 0):
 PSYoungGen      total 118272K, used 3218K [0x00000000d5f80000, 0x00000000dde80000, 0x0000000100000000)
  eden space 106496K, 0% used [0x00000000d5f80000,0x00000000d5f80000,0x00000000dc780000)
  from space 11776K, 27% used [0x00000000dc780000,0x00000000dcaa4a48,0x00000000dd300000)
  to   space 11776K, 0% used [0x00000000dd300000,0x00000000dd300000,0x00000000dde80000)
 ParOldGen       total 87552K, used 33891K [0x0000000081e00000, 0x0000000087380000, 0x00000000d5f80000)
  object space 87552K, 38% used [0x0000000081e00000,0x0000000083f18e30,0x0000000087380000)
 Metaspace       used 9331K, capacity 9538K, committed 9728K, reserved 1058816K
  class space    used 900K, capacity 949K, committed 1024K, reserved 1048576K
}
Event: 4.660 GC heap before
{Heap before GC invocations=12 (full 0):
 PSYoungGen      total 118272K, used 109714K [0x00000000d5f80000, 0x00000000dde80000, 0x0000000100000000)
  eden space 106496K, 100% used [0x00000000d5f80000,0x00000000dc780000,0x00000000dc780000)
  from space 11776K, 27% used [0x00000000dc780000,0x00000000dcaa4a48,0x00000000dd300000)
  to   space 11776K, 0% used [0x00000000dd300000,0x00000000dd300000,0x00000000dde80000)
 ParOldGen       total 87552K, used 33891K [0x0000000081e00000, 0x0000000087380000, 0x00000000d5f80000)
  object space 87552K, 38% used [0x0000000081e00000,0x0000000083f18e30,0x0000000087380000)
 Metaspace       used 9357K, capacity 9544K, committed 9728K, reserved 1058816K
  class space    used 901K, capacity 950K, committed 1024K, reserved 1048576K
Event: 4.666 GC heap after
Heap after GC invocations=12 (full 0):
 PSYoungGen      total 118272K, used 5000K [0x00000000d5f80000, 0x00000000dde80000, 0x0000000100000000)
  eden space 106496K, 0% used [0x00000000d5f80000,0x00000000d5f80000,0x00000000dc780000)
  from space 11776K, 42% used [0x00000000dd300000,0x00000000dd7e21f0,0x00000000dde80000)
  to   space 11776K, 0% used [0x00000000dc780000,0x00000000dc780000,0x00000000dd300000)
 ParOldGen       total 87552K, used 34491K [0x0000000081e00000, 0x0000000087380000, 0x00000000d5f80000)
  object space 87552K, 39% used [0x0000000081e00000,0x0000000083faee30,0x0000000087380000)
 Metaspace       used 9357K, capacity 9544K, committed 9728K, reserved 1058816K
  class space    used 901K, capacity 950K, committed 1024K, reserved 1048576K
}
Event: 4.886 GC heap before
{Heap before GC invocations=13 (full 0):
 PSYoungGen      total 118272K, used 111496K [0x00000000d5f80000, 0x00000000dde80000, 0x0000000100000000)
  eden space 106496K, 100% used [0x00000000d5f80000,0x00000000dc780000,0x00000000dc780000)
  from space 11776K, 42% used [0x00000000dd300000,0x00000000dd7e21f0,0x00000000dde80000)
  to   space 11776K, 0% used [0x00000000dc780000,0x00000000dc780000,0x00000000dd300000)
 ParOldGen       total 87552K, used 34491K [0x0000000081e00000, 0x0000000087380000, 0x00000000d5f80000)
  object space 87552K, 39% used [0x0000000081e00000,0x0000000083faee30,0x0000000087380000)
 Metaspace       used 9358K, capacity 9544K, committed 9728K, reserved 1058816K
  class space    used 901K, capacity 950K, committed 1024K, reserved 1048576K
Event: 4.891 GC heap after
Heap after GC invocations=13 (full 0):
 PSYoungGen      total 118272K, used 2421K [0x00000000d5f80000, 0x00000000dde80000, 0x0000000100000000)
  eden space 106496K, 0% used [0x00000000d5f80000,0x00000000d5f80000,0x00000000dc780000)
  from space 11776K, 20% used [0x00000000dc780000,0x00000000dc9dd4e8,0x00000000dd300000)
  to   space 11776K, 0% used [0x00000000dd300000,0x00000000dd300000,0x00000000dde80000)
 ParOldGen       total 87552K, used 37368K [0x0000000081e00000, 0x0000000087380000, 0x00000000d5f80000)
  object space 87552K, 42% used [0x0000000081e00000,0x000000008427e000,0x0000000087380000)
 Metaspace       used 9358K, capacity 9544K, committed 9728K, reserved 1058816K
  class space    used 901K, capacity 950K, committed 1024K, reserved 1048576K
}
Event: 5.157 GC heap before
{Heap before GC invocations=14 (full 0):
 PSYoungGen      total 118272K, used 108372K [0x00000000d5f80000, 0x00000000dde80000, 0x0000000100000000)
  eden space 106496K, 99% used [0x00000000d5f80000,0x00000000dc6f7de0,0x00000000dc780000)
  from space 11776K, 20% used [0x00000000dc780000,0x00000000dc9dd4e8,0x00000000dd300000)
  to   space 11776K, 0% used [0x00000000dd300000,0x00000000dd300000,0x00000000dde80000)
 ParOldGen       total 87552K, used 37368K [0x0000000081e00000, 0x0000000087380000, 0x00000000d5f80000)
  object space 87552K, 42% used [0x0000000081e00000,0x000000008427e000,0x0000000087380000)
 Metaspace       used 9370K, capacity 9544K, committed 9728K, reserved 1058816K
  class space    used 901K, capacity 950K, committed 1024K, reserved 1048576K
Event: 5.162 GC heap after
Heap after GC invocations=14 (full 0):
 PSYoungGen      total 118272K, used 4624K [0x00000000d5f80000, 0x00000000dde80000, 0x0000000100000000)
  eden space 106496K, 0% used [0x00000000d5f80000,0x00000000d5f80000,0x00000000dc780000)
  from space 11776K, 39% used [0x00000000dd300000,0x00000000dd784028,0x00000000dde80000)
  to   space 11776K, 0% used [0x00000000dc780000,0x00000000dc780000,0x00000000dd300000)
 ParOldGen       total 87552K, used 38126K [0x0000000081e00000, 0x0000000087380000, 0x00000000d5f80000)
  object space 87552K, 43% used [0x0000000081e00000,0x000000008433bba8,0x0000000087380000)
 Metaspace       used 9370K, capacity 9544K, committed 9728K, reserved 1058816K
  class space    used 901K, capacity 950K, committed 1024K, reserved 1048576K
}
Event: 5.779 GC heap before
{Heap before GC invocations=15 (full 0):
 PSYoungGen      total 118272K, used 111120K [0x00000000d5f80000, 0x00000000dde80000, 0x0000000100000000)
  eden space 106496K, 100% used [0x00000000d5f80000,0x00000000dc780000,0x00000000dc780000)
  from space 11776K, 39% used [0x00000000dd300000,0x00000000dd784028,0x00000000dde80000)
  to   space 11776K, 0% used [0x00000000dc780000,0x00000000dc780000,0x00000000dd300000)
 ParOldGen       total 87552K, used 38126K [0x0000000081e00000, 0x0000000087380000, 0x00000000d5f80000)
  object space 87552K, 43% used [0x0000000081e00000,0x000000008433bba8,0x0000000087380000)
 Metaspace       used 9598K, capacity 9818K, committed 9984K, reserved 1058816K
  class space    used 907K, capacity 953K, committed 1024K, reserved 1048576K
Event: 5.788 GC heap after
Heap after GC invocations=15 (full 0):
 PSYoungGen      total 118272K, used 1718K [0x00000000d5f80000, 0x00000000dde80000, 0x0000000100000000)
  eden space 106496K, 0% used [0x00000000d5f80000,0x00000000d5f80000,0x00000000dc780000)
  from space 11776K, 14% used [0x00000000dc780000,0x00000000dc92dba8,0x00000000dd300000)
  to   space 11776K, 0% used [0x00000000dd300000,0x00000000dd300000,0x00000000dde80000)
 ParOldGen       total 87552K, used 39579K [0x0000000081e00000, 0x0000000087380000, 0x00000000d5f80000)
  object space 87552K, 45% used [0x0000000081e00000,0x00000000844a6c00,0x0000000087380000)
 Metaspace       used 9598K, capacity 9818K, committed 9984K, reserved 1058816K
  class space    used 907K, capacity 953K, committed 1024K, reserved 1048576K
}

