# JRE version: Java(TM) SE Runtime Environment (8.0_60-b27) (build 1.8.0_60-b27)
# Java VM: Java HotSpot(TM) 64-Bit Server VM (25.60-b23 mixed mode windows-amd64 compressed oops)
Heap:
 PSYoungGen      total 126976K, used 102615K [0x00000000d5f80000, 0x00000000de080000, 0x0000000100000000)
  eden space 121856K, 83% used [0x00000000d5f80000,0x00000000dc2cdde0,0x00000000dd680000)
  from space 5120K, 18% used [0x00000000dd680000,0x00000000dd768000,0x00000000ddb80000)
  to   space 5120K, 0% used [0x00000000ddb80000,0x00000000ddb80000,0x00000000de080000)
 ParOldGen       total 87552K, used 62727K [0x0000000081e00000, 0x0000000087380000, 0x00000000d5f80000)
  object space 87552K, 71% used [0x0000000081e00000,0x0000000085b41e60,0x0000000087380000)
 Metaspace       used 9864K, capacity 10078K, committed 10240K, reserved 1058816K
  class space    used 908K, capacity 953K, committed 1024K, reserved 1048576K
GC Heap History (10 events):
Event: 16.362 GC heap before
{Heap before GC invocations=46 (full 0):
 PSYoungGen      total 105472K, used 101434K [0x00000000d5f80000, 0x00000000de080000, 0x0000000100000000)
  eden space 99840K, 100% used [0x00000000d5f80000,0x00000000dc100000,0x00000000dc100000)
  from space 5632K, 28% used [0x00000000dc100000,0x00000000dc28eb18,0x00000000dc680000)
  to   space 5120K, 0% used [0x00000000ddb80000,0x00000000ddb80000,0x00000000de080000)
 ParOldGen       total 87552K, used 82681K [0x0000000081e00000, 0x0000000087380000, 0x00000000d5f80000)
  object space 87552K, 94% used [0x0000000081e00000,0x0000000086ebe400,0x0000000087380000)
 Metaspace       used 9864K, capacity 10078K, committed 10240K, reserved 1058816K
  class space    used 908K, capacity 953K, committed 1024K, reserved 1048576K
Event: 16.367 GC heap after
Heap after GC invocations=46 (full 0):
 PSYoungGen      total 126976K, used 3264K [0x00000000d5f80000, 0x00000000de080000, 0x0000000100000000)
  eden space 121856K, 0% used [0x00000000d5f80000,0x00000000d5f80000,0x00000000dd680000)
  from space 5120K, 63% used [0x00000000ddb80000,0x00000000ddeb0000,0x00000000de080000)
  to   space 5120K, 0% used [0x00000000dd680000,0x00000000dd680000,0x00000000ddb80000)
 ParOldGen       total 87552K, used 83993K [0x0000000081e00000, 0x0000000087380000, 0x00000000d5f80000)
  object space 87552K, 95% used [0x0000000081e00000,0x0000000087006400,0x0000000087380000)
 Metaspace       used 9864K, capacity 10078K, committed 10240K, reserved 1058816K
  class space    used 908K, capacity 953K, committed 1024K, reserved 1048576K
}
Event: 16.392 GC heap before
{Heap before GC invocations=47 (full 0):
 PSYoungGen      total 126976K, used 125120K [0x00000000d5f80000, 0x00000000de080000, 0x0000000100000000)
  eden space 121856K, 100% used [0x00000000d5f80000,0x00000000dd680000,0x00000000dd680000)
  from space 5120K, 63% used [0x00000000ddb80000,0x00000000ddeb0000,0x00000000de080000)
  to   space 5120K, 0% used [0x00000000dd680000,0x00000000dd680000,0x00000000ddb80000)
 ParOldGen       total 87552K, used 83993K [0x0000000081e00000, 0x0000000087380000, 0x00000000d5f80000)
  object space 87552K, 95% used [0x0000000081e00000,0x0000000087006400,0x0000000087380000)
 Metaspace       used 9864K, capacity 10078K, committed 10240K, reserved 1058816K
  class space    used 908K, capacity 953K, committed 1024K, reserved 1048576K
Event: 16.395 GC heap after
Heap after GC invocations=47 (full 0):
 PSYoungGen      total 126976K, used 101K [0x00000000d5f80000, 0x00000000de080000, 0x0000000100000000)
  eden space 121856K, 0% used [0x00000000d5f80000,0x00000000d5f80000,0x00000000dd680000)
  from space 5120K, 1% used [0x00000000dd680000,0x00000000dd699610,0x00000000ddb80000)
  to   space 5120K, 0% used [0x00000000ddb80000,0x00000000ddb80000,0x00000000de080000)
 ParOldGen       total 87552K, used 87265K [0x0000000081e00000, 0x0000000087380000, 0x00000000d5f80000)
  object space 87552K, 99% used [0x0000000081e00000,0x0000000087338400,0x0000000087380000)
 Metaspace       used 9864K, capacity 10078K, committed 10240K, reserved 1058816K
  class space    used 908K, capacity 953K, committed 1024K, reserved 1048576K
}
Event: 16.395 GC heap before
{Heap before GC invocations=48 (full 1):
 PSYoungGen      total 126976K, used 101K [0x00000000d5f80000, 0x00000000de080000, 0x0000000100000000)
  eden space 121856K, 0% used [0x00000000d5f80000,0x00000000d5f80000,0x00000000dd680000)
  from space 5120K, 1% used [0x00000000dd680000,0x00000000dd699610,0x00000000ddb80000)
  to   space 5120K, 0% used [0x00000000ddb80000,0x00000000ddb80000,0x00000000de080000)
 ParOldGen       total 87552K, used 87265K [0x0000000081e00000, 0x0000000087380000, 0x00000000d5f80000)
  object space 87552K, 99% used [0x0000000081e00000,0x0000000087338400,0x0000000087380000)
 Metaspace       used 9864K, capacity 10078K, committed 10240K, reserved 1058816K
  class space    used 908K, capacity 953K, committed 1024K, reserved 1048576K
Event: 16.629 GC heap after
Heap after GC invocations=48 (full 1):
 PSYoungGen      total 126976K, used 0K [0x00000000d5f80000, 0x00000000de080000, 0x0000000100000000)
  eden space 121856K, 0% used [0x00000000d5f80000,0x00000000d5f80000,0x00000000dd680000)
  from space 5120K, 0% used [0x00000000dd680000,0x00000000dd680000,0x00000000ddb80000)
  to   space 5120K, 0% used [0x00000000ddb80000,0x00000000ddb80000,0x00000000de080000)
 ParOldGen       total 87552K, used 59452K [0x0000000081e00000, 0x0000000087380000, 0x00000000d5f80000)
  object space 87552K, 67% used [0x0000000081e00000,0x000000008580f208,0x0000000087380000)
 Metaspace       used 9864K, capacity 10078K, committed 10240K, reserved 1058816K
  class space    used 908K, capacity 953K, committed 1024K, reserved 1048576K
}
Event: 17.290 GC heap before
{Heap before GC invocations=49 (full 1):
 PSYoungGen      total 126976K, used 121817K [0x00000000d5f80000, 0x00000000de080000, 0x0000000100000000)
  eden space 121856K, 99% used [0x00000000d5f80000,0x00000000dd676730,0x00000000dd680000)
  from space 5120K, 0% used [0x00000000dd680000,0x00000000dd680000,0x00000000ddb80000)
  to   space 5120K, 0% used [0x00000000ddb80000,0x00000000ddb80000,0x00000000de080000)
 ParOldGen       total 87552K, used 59452K [0x0000000081e00000, 0x0000000087380000, 0x00000000d5f80000)
  object space 87552K, 67% used [0x0000000081e00000,0x000000008580f208,0x0000000087380000)
 Metaspace       used 9864K, capacity 10078K, committed 10240K, reserved 1058816K
  class space    used 908K, capacity 953K, committed 1024K, reserved 1048576K
Event: 17.296 GC heap after
Heap after GC invocations=49 (full 1):
 PSYoungGen      total 126976K, used 3818K [0x00000000d5f80000, 0x00000000de080000, 0x0000000100000000)
  eden space 121856K, 0% used [0x00000000d5f80000,0x00000000d5f80000,0x00000000dd680000)
  from space 5120K, 74% used [0x00000000ddb80000,0x00000000ddf3a900,0x00000000de080000)
  to   space 5120K, 0% used [0x00000000dd680000,0x00000000dd680000,0x00000000ddb80000)
 ParOldGen       total 87552K, used 59452K [0x0000000081e00000, 0x0000000087380000, 0x00000000d5f80000)
  object space 87552K, 67% used [0x0000000081e00000,0x000000008580f208,0x0000000087380000)
 Metaspace       used 9864K, capacity 10078K, committed 10240K, reserved 1058816K
  class space    used 908K, capacity 953K, committed 1024K, reserved 1048576K
}
Event: 17.425 GC heap before
{Heap before GC invocations=50 (full 1):
 PSYoungGen      total 126976K, used 125674K [0x00000000d5f80000, 0x00000000de080000, 0x0000000100000000)
  eden space 121856K, 100% used [0x00000000d5f80000,0x00000000dd680000,0x00000000dd680000)
  from space 5120K, 74% used [0x00000000ddb80000,0x00000000ddf3a900,0x00000000de080000)
  to   space 5120K, 0% used [0x00000000dd680000,0x00000000dd680000,0x00000000ddb80000)
 ParOldGen       total 87552K, used 59452K [0x0000000081e00000, 0x0000000087380000, 0x00000000d5f80000)
  object space 87552K, 67% used [0x0000000081e00000,0x000000008580f208,0x0000000087380000)
 Metaspace       used 9864K, capacity 10078K, committed 10240K, reserved 1058816K
  class space    used 908K, capacity 953K, committed 1024K, reserved 1048576K
Event: 17.429 GC heap after
Heap after GC invocations=50 (full 1):
 PSYoungGen      total 126976K, used 928K [0x00000000d5f80000, 0x00000000de080000, 0x0000000100000000)
  eden space 121856K, 0% used [0x00000000d5f80000,0x00000000d5f80000,0x00000000dd680000)
  from space 5120K, 18% used [0x00000000dd680000,0x00000000dd768000,0x00000000ddb80000)
  to   space 5120K, 0% used [0x00000000ddb80000,0x00000000ddb80000,0x00000000de080000)
 ParOldGen       total 87552K, used 62727K [0x0000000081e00000, 0x0000000087380000, 0x00000000d5f80000)
  object space 87552K, 71% used [0x0000000081e00000,0x0000000085b41e60,0x0000000087380000)
 Metaspace       used 9864K, capacity 10078K, committed 10240K, reserved 1058816K
  class space    used 908K, capacity 953K, committed 1024K, reserved 1048576K
}

