# JRE version: Java(TM) SE Runtime Environment (8.0_60-b27) (build 1.8.0_60-b27)
# Java VM: Java HotSpot(TM) 64-Bit Server VM (25.60-b23 mixed mode windows-amd64 compressed oops)
Heap:
 PSYoungGen      total 71680K, used 31687K [0x00000000d5f80000, 0x00000000ddb80000, 0x0000000100000000)
  eden space 66560K, 39% used [0x00000000d5f80000,0x00000000d7977f10,0x00000000da080000)
  from space 5120K, 99% used [0x00000000da080000,0x00000000da57a038,0x00000000da580000)
  to   space 10240K, 0% used [0x00000000dd180000,0x00000000dd180000,0x00000000ddb80000)
 ParOldGen       total 87552K, used 26493K [0x0000000081e00000, 0x0000000087380000, 0x00000000d5f80000)
  object space 87552K, 30% used [0x0000000081e00000,0x00000000837df6e8,0x0000000087380000)
 Metaspace       used 9292K, capacity 9420K, committed 9728K, reserved 1058816K
  class space    used 887K, capacity 940K, committed 1024K, reserved 1048576K
GC Heap History (10 events):
Event: 3.297 GC heap before
{Heap before GC invocations=5 (full 0):
 PSYoungGen      total 71680K, used 71652K [0x00000000d5f80000, 0x00000000daa80000, 0x0000000100000000)
  eden space 66560K, 100% used [0x00000000d5f80000,0x00000000da080000,0x00000000da080000)
  from space 5120K, 99% used [0x00000000da580000,0x00000000daa79180,0x00000000daa80000)
  to   space 5120K, 0% used [0x00000000da080000,0x00000000da080000,0x00000000da580000)
 ParOldGen       total 87552K, used 12671K [0x0000000081e00000, 0x0000000087380000, 0x00000000d5f80000)
  object space 87552K, 14% used [0x0000000081e00000,0x0000000082a5fce0,0x0000000087380000)
 Metaspace       used 9023K, capacity 9204K, committed 9472K, reserved 1058816K
  class space    used 880K, capacity 936K, committed 1024K, reserved 1048576K
Event: 3.313 GC heap after
Heap after GC invocations=5 (full 0):
 PSYoungGen      total 71680K, used 5110K [0x00000000d5f80000, 0x00000000daa80000, 0x0000000100000000)
  eden space 66560K, 0% used [0x00000000d5f80000,0x00000000d5f80000,0x00000000da080000)
  from space 5120K, 99% used [0x00000000da080000,0x00000000da57dac8,0x00000000da580000)
  to   space 5120K, 0% used [0x00000000da580000,0x00000000da580000,0x00000000daa80000)
 ParOldGen       total 87552K, used 15636K [0x0000000081e00000, 0x0000000087380000, 0x00000000d5f80000)
  object space 87552K, 17% used [0x0000000081e00000,0x0000000082d45368,0x0000000087380000)
 Metaspace       used 9023K, capacity 9204K, committed 9472K, reserved 1058816K
  class space    used 880K, capacity 936K, committed 1024K, reserved 1048576K
}
Event: 4.160 GC heap before
{Heap before GC invocations=6 (full 0):
 PSYoungGen      total 71680K, used 71670K [0x00000000d5f80000, 0x00000000daa80000, 0x0000000100000000)
  eden space 66560K, 100% used [0x00000000d5f80000,0x00000000da080000,0x00000000da080000)
  from space 5120K, 99% used [0x00000000da080000,0x00000000da57dac8,0x00000000da580000)
  to   space 5120K, 0% used [0x00000000da580000,0x00000000da580000,0x00000000daa80000)
 ParOldGen       total 87552K, used 15636K [0x0000000081e00000, 0x0000000087380000, 0x00000000d5f80000)
  object space 87552K, 17% used [0x0000000081e00000,0x0000000082d45368,0x0000000087380000)
 Metaspace       used 9030K, capacity 9204K, committed 9472K, reserved 1058816K
  class space    used 880K, capacity 936K, committed 1024K, reserved 1048576K
Event: 4.172 GC heap after
Heap after GC invocations=6 (full 0):
 PSYoungGen      total 71680K, used 5106K [0x00000000d5f80000, 0x00000000daa80000, 0x0000000100000000)
  eden space 66560K, 0% used [0x00000000d5f80000,0x00000000d5f80000,0x00000000da080000)
  from space 5120K, 99% used [0x00000000da580000,0x00000000daa7cbc8,0x00000000daa80000)
  to   space 5120K, 0% used [0x00000000da080000,0x00000000da080000,0x00000000da580000)
 ParOldGen       total 87552K, used 19043K [0x0000000081e00000, 0x0000000087380000, 0x00000000d5f80000)
  object space 87552K, 21% used [0x0000000081e00000,0x0000000083098f20,0x0000000087380000)
 Metaspace       used 9030K, capacity 9204K, committed 9472K, reserved 1058816K
  class space    used 880K, capacity 936K, committed 1024K, reserved 1048576K
}
Event: 4.730 GC heap before
{Heap before GC invocations=7 (full 0):
 PSYoungGen      total 71680K, used 71666K [0x00000000d5f80000, 0x00000000daa80000, 0x0000000100000000)
  eden space 66560K, 100% used [0x00000000d5f80000,0x00000000da080000,0x00000000da080000)
  from space 5120K, 99% used [0x00000000da580000,0x00000000daa7cbc8,0x00000000daa80000)
  to   space 5120K, 0% used [0x00000000da080000,0x00000000da080000,0x00000000da580000)
 ParOldGen       total 87552K, used 19043K [0x0000000081e00000, 0x0000000087380000, 0x00000000d5f80000)
  object space 87552K, 21% used [0x0000000081e00000,0x0000000083098f20,0x0000000087380000)
 Metaspace       used 9037K, capacity 9204K, committed 9472K, reserved 1058816K
  class space    used 880K, capacity 936K, committed 1024K, reserved 1048576K
Event: 4.742 GC heap after
Heap after GC invocations=7 (full 0):
 PSYoungGen      total 71680K, used 4710K [0x00000000d5f80000, 0x00000000daa80000, 0x0000000100000000)
  eden space 66560K, 0% used [0x00000000d5f80000,0x00000000d5f80000,0x00000000da080000)
  from space 5120K, 92% used [0x00000000da080000,0x00000000da519a18,0x00000000da580000)
  to   space 5120K, 0% used [0x00000000da580000,0x00000000da580000,0x00000000daa80000)
 ParOldGen       total 87552K, used 22169K [0x0000000081e00000, 0x0000000087380000, 0x00000000d5f80000)
  object space 87552K, 25% used [0x0000000081e00000,0x00000000833a66b0,0x0000000087380000)
 Metaspace       used 9037K, capacity 9204K, committed 9472K, reserved 1058816K
  class space    used 880K, capacity 936K, committed 1024K, reserved 1048576K
}
Event: 5.340 GC heap before
{Heap before GC invocations=8 (full 0):
 PSYoungGen      total 71680K, used 71270K [0x00000000d5f80000, 0x00000000daa80000, 0x0000000100000000)
  eden space 66560K, 100% used [0x00000000d5f80000,0x00000000da080000,0x00000000da080000)
  from space 5120K, 92% used [0x00000000da080000,0x00000000da519a18,0x00000000da580000)
  to   space 5120K, 0% used [0x00000000da580000,0x00000000da580000,0x00000000daa80000)
 ParOldGen       total 87552K, used 22169K [0x0000000081e00000, 0x0000000087380000, 0x00000000d5f80000)
  object space 87552K, 25% used [0x0000000081e00000,0x00000000833a66b0,0x0000000087380000)
 Metaspace       used 9056K, capacity 9210K, committed 9472K, reserved 1058816K
  class space    used 880K, capacity 937K, committed 1024K, reserved 1048576K
Event: 5.349 GC heap after
Heap after GC invocations=8 (full 0):
 PSYoungGen      total 71680K, used 5100K [0x00000000d5f80000, 0x00000000daa80000, 0x0000000100000000)
  eden space 66560K, 0% used [0x00000000d5f80000,0x00000000d5f80000,0x00000000da080000)
  from space 5120K, 99% used [0x00000000da580000,0x00000000daa7b288,0x00000000daa80000)
  to   space 5120K, 0% used [0x00000000da080000,0x00000000da080000,0x00000000da580000)
 ParOldGen       total 87552K, used 23750K [0x0000000081e00000, 0x0000000087380000, 0x00000000d5f80000)
  object space 87552K, 27% used [0x0000000081e00000,0x0000000083531a68,0x0000000087380000)
 Metaspace       used 9056K, capacity 9210K, committed 9472K, reserved 1058816K
  class space    used 880K, capacity 937K, committed 1024K, reserved 1048576K
}
Event: 5.902 GC heap before
{Heap before GC invocations=9 (full 0):
 PSYoungGen      total 71680K, used 71660K [0x00000000d5f80000, 0x00000000daa80000, 0x0000000100000000)
  eden space 66560K, 100% used [0x00000000d5f80000,0x00000000da080000,0x00000000da080000)
  from space 5120K, 99% used [0x00000000da580000,0x00000000daa7b288,0x00000000daa80000)
  to   space 5120K, 0% used [0x00000000da080000,0x00000000da080000,0x00000000da580000)
 ParOldGen       total 87552K, used 23750K [0x0000000081e00000, 0x0000000087380000, 0x00000000d5f80000)
  object space 87552K, 27% used [0x0000000081e00000,0x0000000083531a68,0x0000000087380000)
 Metaspace       used 9075K, capacity 9274K, committed 9472K, reserved 1058816K
  class space    used 880K, capacity 937K, committed 1024K, reserved 1048576K
Event: 5.914 GC heap after
Heap after GC invocations=9 (full 0):
 PSYoungGen      total 71680K, used 5096K [0x00000000d5f80000, 0x00000000ddb80000, 0x0000000100000000)
  eden space 66560K, 0% used [0x00000000d5f80000,0x00000000d5f80000,0x00000000da080000)
  from space 5120K, 99% used [0x00000000da080000,0x00000000da57a038,0x00000000da580000)
  to   space 10240K, 0% used [0x00000000dd180000,0x00000000dd180000,0x00000000ddb80000)
 ParOldGen       total 87552K, used 26493K [0x0000000081e00000, 0x0000000087380000, 0x00000000d5f80000)
  object space 87552K, 30% used [0x0000000081e00000,0x00000000837df6e8,0x0000000087380000)
 Metaspace       used 9075K, capacity 9274K, committed 9472K, reserved 1058816K
  class space    used 880K, capacity 937K, committed 1024K, reserved 1048576K
}

