# JRE version: Java(TM) SE Runtime Environment (8.0_60-b27) (build 1.8.0_60-b27)
# Java VM: Java HotSpot(TM) 64-Bit Server VM (25.60-b23 mixed mode windows-amd64 compressed oops)
Heap:
 PSYoungGen      total 95232K, used 14033K [0x00000000d5f80000, 0x00000000dc500000, 0x0000000100000000)
  eden space 86528K, 16% used [0x00000000d5f80000,0x00000000d6d07040,0x00000000db400000)
  from space 8704K, 2% used [0x00000000db400000,0x00000000db42d3c8,0x00000000dbc80000)
  to   space 8192K, 0% used [0x00000000dbd00000,0x00000000dbd00000,0x00000000dc500000)
 ParOldGen       total 87552K, used 52468K [0x0000000081e00000, 0x0000000087380000, 0x00000000d5f80000)
  object space 87552K, 59% used [0x0000000081e00000,0x000000008513d070,0x0000000087380000)
 Metaspace       used 9564K, capacity 9744K, committed 9984K, reserved 1058816K
  class space    used 887K, capacity 940K, committed 1024K, reserved 1048576K
GC Heap History (10 events):
Event: 10.070 GC heap before
{Heap before GC invocations=23 (full 0):
 PSYoungGen      total 71680K, used 66604K [0x00000000d5f80000, 0x00000000daa80000, 0x0000000100000000)
  eden space 66560K, 99% used [0x00000000d5f80000,0x00000000da0779f0,0x00000000da080000)
  from space 5120K, 1% used [0x00000000da580000,0x00000000da5938e0,0x00000000daa80000)
  to   space 5120K, 0% used [0x00000000da080000,0x00000000da080000,0x00000000da580000)
 ParOldGen       total 87552K, used 48612K [0x0000000081e00000, 0x0000000087380000, 0x00000000d5f80000)
  object space 87552K, 55% used [0x0000000081e00000,0x0000000084d79070,0x0000000087380000)
 Metaspace       used 9563K, capacity 9744K, committed 9984K, reserved 1058816K
  class space    used 887K, capacity 940K, committed 1024K, reserved 1048576K
Event: 10.071 GC heap after
Heap after GC invocations=23 (full 0):
 PSYoungGen      total 71680K, used 582K [0x00000000d5f80000, 0x00000000daa80000, 0x0000000100000000)
  eden space 66560K, 0% used [0x00000000d5f80000,0x00000000d5f80000,0x00000000da080000)
  from space 5120K, 11% used [0x00000000da080000,0x00000000da111958,0x00000000da580000)
  to   space 5120K, 0% used [0x00000000da580000,0x00000000da580000,0x00000000daa80000)
 ParOldGen       total 87552K, used 48620K [0x0000000081e00000, 0x0000000087380000, 0x00000000d5f80000)
  object space 87552K, 55% used [0x0000000081e00000,0x0000000084d7b070,0x0000000087380000)
 Metaspace       used 9563K, capacity 9744K, committed 9984K, reserved 1058816K
  class space    used 887K, capacity 940K, committed 1024K, reserved 1048576K
}
Event: 10.083 GC heap before
{Heap before GC invocations=24 (full 0):
 PSYoungGen      total 71680K, used 67137K [0x00000000d5f80000, 0x00000000daa80000, 0x0000000100000000)
  eden space 66560K, 99% used [0x00000000d5f80000,0x00000000da07eba0,0x00000000da080000)
  from space 5120K, 11% used [0x00000000da080000,0x00000000da111958,0x00000000da580000)
  to   space 5120K, 0% used [0x00000000da580000,0x00000000da580000,0x00000000daa80000)
 ParOldGen       total 87552K, used 48620K [0x0000000081e00000, 0x0000000087380000, 0x00000000d5f80000)
  object space 87552K, 55% used [0x0000000081e00000,0x0000000084d7b070,0x0000000087380000)
 Metaspace       used 9563K, capacity 9744K, committed 9984K, reserved 1058816K
  class space    used 887K, capacity 940K, committed 1024K, reserved 1048576K
Event: 10.084 GC heap after
Heap after GC invocations=24 (full 0):
 PSYoungGen      total 71680K, used 95K [0x00000000d5f80000, 0x00000000daa80000, 0x0000000100000000)
  eden space 66560K, 0% used [0x00000000d5f80000,0x00000000d5f80000,0x00000000da080000)
  from space 5120K, 1% used [0x00000000da580000,0x00000000da597d70,0x00000000daa80000)
  to   space 5120K, 0% used [0x00000000da080000,0x00000000da080000,0x00000000da580000)
 ParOldGen       total 87552K, used 49100K [0x0000000081e00000, 0x0000000087380000, 0x00000000d5f80000)
  object space 87552K, 56% used [0x0000000081e00000,0x0000000084df3070,0x0000000087380000)
 Metaspace       used 9563K, capacity 9744K, committed 9984K, reserved 1058816K
  class space    used 887K, capacity 940K, committed 1024K, reserved 1048576K
}
Event: 10.659 GC heap before
{Heap before GC invocations=25 (full 0):
 PSYoungGen      total 71680K, used 66655K [0x00000000d5f80000, 0x00000000daa80000, 0x0000000100000000)
  eden space 66560K, 100% used [0x00000000d5f80000,0x00000000da080000,0x00000000da080000)
  from space 5120K, 1% used [0x00000000da580000,0x00000000da597d70,0x00000000daa80000)
  to   space 5120K, 0% used [0x00000000da080000,0x00000000da080000,0x00000000da580000)
 ParOldGen       total 87552K, used 49100K [0x0000000081e00000, 0x0000000087380000, 0x00000000d5f80000)
  object space 87552K, 56% used [0x0000000081e00000,0x0000000084df3070,0x0000000087380000)
 Metaspace       used 9564K, capacity 9744K, committed 9984K, reserved 1058816K
  class space    used 887K, capacity 940K, committed 1024K, reserved 1048576K
Event: 10.663 GC heap after
Heap after GC invocations=25 (full 0):
 PSYoungGen      total 71680K, used 2336K [0x00000000d5f80000, 0x00000000dc600000, 0x0000000100000000)
  eden space 66560K, 0% used [0x00000000d5f80000,0x00000000d5f80000,0x00000000da080000)
  from space 5120K, 45% used [0x00000000da080000,0x00000000da2c8000,0x00000000da580000)
  to   space 9216K, 0% used [0x00000000dbd00000,0x00000000dbd00000,0x00000000dc600000)
 ParOldGen       total 87552K, used 49100K [0x0000000081e00000, 0x0000000087380000, 0x00000000d5f80000)
  object space 87552K, 56% used [0x0000000081e00000,0x0000000084df3070,0x0000000087380000)
 Metaspace       used 9564K, capacity 9744K, committed 9984K, reserved 1058816K
  class space    used 887K, capacity 940K, committed 1024K, reserved 1048576K
}
Event: 10.941 GC heap before
{Heap before GC invocations=26 (full 0):
 PSYoungGen      total 71680K, used 68896K [0x00000000d5f80000, 0x00000000dc600000, 0x0000000100000000)
  eden space 66560K, 100% used [0x00000000d5f80000,0x00000000da080000,0x00000000da080000)
  from space 5120K, 45% used [0x00000000da080000,0x00000000da2c8000,0x00000000da580000)
  to   space 9216K, 0% used [0x00000000dbd00000,0x00000000dbd00000,0x00000000dc600000)
 ParOldGen       total 87552K, used 49100K [0x0000000081e00000, 0x0000000087380000, 0x00000000d5f80000)
  object space 87552K, 56% used [0x0000000081e00000,0x0000000084df3070,0x0000000087380000)
 Metaspace       used 9564K, capacity 9744K, committed 9984K, reserved 1058816K
  class space    used 887K, capacity 940K, committed 1024K, reserved 1048576K
Event: 10.946 GC heap after
Heap after GC invocations=26 (full 0):
 PSYoungGen      total 94720K, used 1167K [0x00000000d5f80000, 0x00000000dc500000, 0x0000000100000000)
  eden space 86528K, 0% used [0x00000000d5f80000,0x00000000d5f80000,0x00000000db400000)
  from space 8192K, 14% used [0x00000000dbd00000,0x00000000dbe23de0,0x00000000dc500000)
  to   space 8704K, 0% used [0x00000000db400000,0x00000000db400000,0x00000000dbc80000)
 ParOldGen       total 87552K, used 51404K [0x0000000081e00000, 0x0000000087380000, 0x00000000d5f80000)
  object space 87552K, 58% used [0x0000000081e00000,0x0000000085033070,0x0000000087380000)
 Metaspace       used 9564K, capacity 9744K, committed 9984K, reserved 1058816K
  class space    used 887K, capacity 940K, committed 1024K, reserved 1048576K
}
Event: 10.965 GC heap before
{Heap before GC invocations=27 (full 0):
 PSYoungGen      total 94720K, used 87685K [0x00000000d5f80000, 0x00000000dc500000, 0x0000000100000000)
  eden space 86528K, 99% used [0x00000000d5f80000,0x00000000db3fd6c0,0x00000000db400000)
  from space 8192K, 14% used [0x00000000dbd00000,0x00000000dbe23de0,0x00000000dc500000)
  to   space 8704K, 0% used [0x00000000db400000,0x00000000db400000,0x00000000dbc80000)
 ParOldGen       total 87552K, used 51404K [0x0000000081e00000, 0x0000000087380000, 0x00000000d5f80000)
  object space 87552K, 58% used [0x0000000081e00000,0x0000000085033070,0x0000000087380000)
 Metaspace       used 9564K, capacity 9744K, committed 9984K, reserved 1058816K
  class space    used 887K, capacity 940K, committed 1024K, reserved 1048576K
Event: 10.967 GC heap after
Heap after GC invocations=27 (full 0):
 PSYoungGen      total 95232K, used 180K [0x00000000d5f80000, 0x00000000dc500000, 0x0000000100000000)
  eden space 86528K, 0% used [0x00000000d5f80000,0x00000000d5f80000,0x00000000db400000)
  from space 8704K, 2% used [0x00000000db400000,0x00000000db42d3c8,0x00000000dbc80000)
  to   space 8192K, 0% used [0x00000000dbd00000,0x00000000dbd00000,0x00000000dc500000)
 ParOldGen       total 87552K, used 52468K [0x0000000081e00000, 0x0000000087380000, 0x00000000d5f80000)
  object space 87552K, 59% used [0x0000000081e00000,0x000000008513d070,0x0000000087380000)
 Metaspace       used 9564K, capacity 9744K, committed 9984K, reserved 1058816K
  class space    used 887K, capacity 940K, committed 1024K, reserved 1048576K
}

