# JRE version: Java(TM) SE Runtime Environment (8.0_60-b27) (build 1.8.0_60-b27)
# Java VM: Java HotSpot(TM) 64-Bit Server VM (25.60-b23 mixed mode windows-amd64 compressed oops)
Heap:
 PSYoungGen      total 71680K, used 24591K [0x00000000d5f80000, 0x00000000ddc80000, 0x0000000100000000)
  eden space 66560K, 29% used [0x00000000d5f80000,0x00000000d72895d0,0x00000000da080000)
  from space 5120K, 99% used [0x00000000da080000,0x00000000da57a918,0x00000000da580000)
  to   space 10752K, 0% used [0x00000000dd200000,0x00000000dd200000,0x00000000ddc80000)
 ParOldGen       total 87552K, used 25366K [0x0000000081e00000, 0x0000000087380000, 0x00000000d5f80000)
  object space 87552K, 28% used [0x0000000081e00000,0x00000000836c5858,0x0000000087380000)
 Metaspace       used 9119K, capacity 9286K, committed 9472K, reserved 1058816K
  class space    used 885K, capacity 939K, committed 1024K, reserved 1048576K
GC Heap History (10 events):
Event: 3.034 GC heap before
{Heap before GC invocations=5 (full 0):
 PSYoungGen      total 71680K, used 71649K [0x00000000d5f80000, 0x00000000daa80000, 0x0000000100000000)
  eden space 66560K, 100% used [0x00000000d5f80000,0x00000000da080000,0x00000000da080000)
  from space 5120K, 99% used [0x00000000da580000,0x00000000daa784c8,0x00000000daa80000)
  to   space 5120K, 0% used [0x00000000da080000,0x00000000da080000,0x00000000da580000)
 ParOldGen       total 87552K, used 13011K [0x0000000081e00000, 0x0000000087380000, 0x00000000d5f80000)
  object space 87552K, 14% used [0x0000000081e00000,0x0000000082ab4d38,0x0000000087380000)
 Metaspace       used 9020K, capacity 9204K, committed 9472K, reserved 1058816K
  class space    used 880K, capacity 936K, committed 1024K, reserved 1048576K
Event: 3.046 GC heap after
Heap after GC invocations=5 (full 0):
 PSYoungGen      total 71680K, used 5096K [0x00000000d5f80000, 0x00000000daa80000, 0x0000000100000000)
  eden space 66560K, 0% used [0x00000000d5f80000,0x00000000d5f80000,0x00000000da080000)
  from space 5120K, 99% used [0x00000000da080000,0x00000000da57a080,0x00000000da580000)
  to   space 5120K, 0% used [0x00000000da580000,0x00000000da580000,0x00000000daa80000)
 ParOldGen       total 87552K, used 16113K [0x0000000081e00000, 0x0000000087380000, 0x00000000d5f80000)
  object space 87552K, 18% used [0x0000000081e00000,0x0000000082dbc6b0,0x0000000087380000)
 Metaspace       used 9020K, capacity 9204K, committed 9472K, reserved 1058816K
  class space    used 880K, capacity 936K, committed 1024K, reserved 1048576K
}
Event: 3.700 GC heap before
{Heap before GC invocations=6 (full 0):
 PSYoungGen      total 71680K, used 71656K [0x00000000d5f80000, 0x00000000daa80000, 0x0000000100000000)
  eden space 66560K, 100% used [0x00000000d5f80000,0x00000000da080000,0x00000000da080000)
  from space 5120K, 99% used [0x00000000da080000,0x00000000da57a080,0x00000000da580000)
  to   space 5120K, 0% used [0x00000000da580000,0x00000000da580000,0x00000000daa80000)
 ParOldGen       total 87552K, used 16113K [0x0000000081e00000, 0x0000000087380000, 0x00000000d5f80000)
  object space 87552K, 18% used [0x0000000081e00000,0x0000000082dbc6b0,0x0000000087380000)
 Metaspace       used 9027K, capacity 9204K, committed 9472K, reserved 1058816K
  class space    used 880K, capacity 936K, committed 1024K, reserved 1048576K
Event: 3.711 GC heap after
Heap after GC invocations=6 (full 0):
 PSYoungGen      total 71680K, used 5112K [0x00000000d5f80000, 0x00000000daa80000, 0x0000000100000000)
  eden space 66560K, 0% used [0x00000000d5f80000,0x00000000d5f80000,0x00000000da080000)
  from space 5120K, 99% used [0x00000000da580000,0x00000000daa7e070,0x00000000daa80000)
  to   space 5120K, 0% used [0x00000000da080000,0x00000000da080000,0x00000000da580000)
 ParOldGen       total 87552K, used 19519K [0x0000000081e00000, 0x0000000087380000, 0x00000000d5f80000)
  object space 87552K, 22% used [0x0000000081e00000,0x000000008310fc50,0x0000000087380000)
 Metaspace       used 9027K, capacity 9204K, committed 9472K, reserved 1058816K
  class space    used 880K, capacity 936K, committed 1024K, reserved 1048576K
}
Event: 4.258 GC heap before
{Heap before GC invocations=7 (full 0):
 PSYoungGen      total 71680K, used 71672K [0x00000000d5f80000, 0x00000000daa80000, 0x0000000100000000)
  eden space 66560K, 100% used [0x00000000d5f80000,0x00000000da080000,0x00000000da080000)
  from space 5120K, 99% used [0x00000000da580000,0x00000000daa7e070,0x00000000daa80000)
  to   space 5120K, 0% used [0x00000000da080000,0x00000000da080000,0x00000000da580000)
 ParOldGen       total 87552K, used 19519K [0x0000000081e00000, 0x0000000087380000, 0x00000000d5f80000)
  object space 87552K, 22% used [0x0000000081e00000,0x000000008310fc50,0x0000000087380000)
 Metaspace       used 9035K, capacity 9204K, committed 9472K, reserved 1058816K
  class space    used 880K, capacity 936K, committed 1024K, reserved 1048576K
Event: 4.269 GC heap after
Heap after GC invocations=7 (full 0):
 PSYoungGen      total 71680K, used 4122K [0x00000000d5f80000, 0x00000000daa80000, 0x0000000100000000)
  eden space 66560K, 0% used [0x00000000d5f80000,0x00000000d5f80000,0x00000000da080000)
  from space 5120K, 80% used [0x00000000da080000,0x00000000da486928,0x00000000da580000)
  to   space 5120K, 0% used [0x00000000da580000,0x00000000da580000,0x00000000daa80000)
 ParOldGen       total 87552K, used 23370K [0x0000000081e00000, 0x0000000087380000, 0x00000000d5f80000)
  object space 87552K, 26% used [0x0000000081e00000,0x00000000834d28f8,0x0000000087380000)
 Metaspace       used 9035K, capacity 9204K, committed 9472K, reserved 1058816K
  class space    used 880K, capacity 936K, committed 1024K, reserved 1048576K
}
Event: 4.921 GC heap before
{Heap before GC invocations=8 (full 0):
 PSYoungGen      total 71680K, used 70682K [0x00000000d5f80000, 0x00000000daa80000, 0x0000000100000000)
  eden space 66560K, 100% used [0x00000000d5f80000,0x00000000da080000,0x00000000da080000)
  from space 5120K, 80% used [0x00000000da080000,0x00000000da486928,0x00000000da580000)
  to   space 5120K, 0% used [0x00000000da580000,0x00000000da580000,0x00000000daa80000)
 ParOldGen       total 87552K, used 23370K [0x0000000081e00000, 0x0000000087380000, 0x00000000d5f80000)
  object space 87552K, 26% used [0x0000000081e00000,0x00000000834d28f8,0x0000000087380000)
 Metaspace       used 9055K, capacity 9210K, committed 9472K, reserved 1058816K
  class space    used 880K, capacity 937K, committed 1024K, reserved 1048576K
Event: 4.929 GC heap after
Heap after GC invocations=8 (full 0):
 PSYoungGen      total 71680K, used 5088K [0x00000000d5f80000, 0x00000000daa80000, 0x0000000100000000)
  eden space 66560K, 0% used [0x00000000d5f80000,0x00000000d5f80000,0x00000000da080000)
  from space 5120K, 99% used [0x00000000da580000,0x00000000daa78198,0x00000000daa80000)
  to   space 5120K, 0% used [0x00000000da080000,0x00000000da080000,0x00000000da580000)
 ParOldGen       total 87552K, used 24359K [0x0000000081e00000, 0x0000000087380000, 0x00000000d5f80000)
  object space 87552K, 27% used [0x0000000081e00000,0x00000000835c9cb0,0x0000000087380000)
 Metaspace       used 9055K, capacity 9210K, committed 9472K, reserved 1058816K
  class space    used 880K, capacity 937K, committed 1024K, reserved 1048576K
}
Event: 5.469 GC heap before
{Heap before GC invocations=9 (full 0):
 PSYoungGen      total 71680K, used 71648K [0x00000000d5f80000, 0x00000000daa80000, 0x0000000100000000)
  eden space 66560K, 100% used [0x00000000d5f80000,0x00000000da080000,0x00000000da080000)
  from space 5120K, 99% used [0x00000000da580000,0x00000000daa78198,0x00000000daa80000)
  to   space 5120K, 0% used [0x00000000da080000,0x00000000da080000,0x00000000da580000)
 ParOldGen       total 87552K, used 24359K [0x0000000081e00000, 0x0000000087380000, 0x00000000d5f80000)
  object space 87552K, 27% used [0x0000000081e00000,0x00000000835c9cb0,0x0000000087380000)
 Metaspace       used 9074K, capacity 9274K, committed 9472K, reserved 1058816K
  class space    used 880K, capacity 937K, committed 1024K, reserved 1048576K
Event: 5.476 GC heap after
Heap after GC invocations=9 (full 0):
 PSYoungGen      total 71680K, used 5098K [0x00000000d5f80000, 0x00000000ddc80000, 0x0000000100000000)
  eden space 66560K, 0% used [0x00000000d5f80000,0x00000000d5f80000,0x00000000da080000)
  from space 5120K, 99% used [0x00000000da080000,0x00000000da57a918,0x00000000da580000)
  to   space 10752K, 0% used [0x00000000dd200000,0x00000000dd200000,0x00000000ddc80000)
 ParOldGen       total 87552K, used 25366K [0x0000000081e00000, 0x0000000087380000, 0x00000000d5f80000)
  object space 87552K, 28% used [0x0000000081e00000,0x00000000836c5858,0x0000000087380000)
 Metaspace       used 9074K, capacity 9274K, committed 9472K, reserved 1058816K
  class space    used 880K, capacity 937K, committed 1024K, reserved 1048576K
}

