# JRE version: Java(TM) SE Runtime Environment (8.0_60-b27) (build 1.8.0_60-b27)
# Java VM: Java HotSpot(TM) 64-Bit Server VM (25.60-b23 mixed mode windows-amd64 compressed oops)
Heap:
 PSYoungGen      total 105472K, used 59744K [0x00000000d5f80000, 0x00000000dd480000, 0x0000000100000000)
  eden space 92672K, 61% used [0x00000000d5f80000,0x00000000d978f3b8,0x00000000dba00000)
  from space 12800K, 18% used [0x00000000dc700000,0x00000000dc948eb8,0x00000000dd380000)
  to   space 13312K, 0% used [0x00000000dba00000,0x00000000dba00000,0x00000000dc700000)
 ParOldGen       total 87552K, used 59124K [0x0000000081e00000, 0x0000000087380000, 0x00000000d5f80000)
  object space 87552K, 67% used [0x0000000081e00000,0x00000000857bd000,0x0000000087380000)
 Metaspace       used 9863K, capacity 10078K, committed 10240K, reserved 1058816K
  class space    used 908K, capacity 953K, committed 1024K, reserved 1048576K
GC Heap History (10 events):
Event: 8.389 GC heap before
{Heap before GC invocations=28 (full 0):
 PSYoungGen      total 105984K, used 92924K [0x00000000d5f80000, 0x00000000dd480000, 0x0000000100000000)
  eden space 92672K, 99% used [0x00000000d5f80000,0x00000000db9dcd30,0x00000000dba00000)
  from space 13312K, 2% used [0x00000000dba00000,0x00000000dba62580,0x00000000dc700000)
  to   space 12800K, 0% used [0x00000000dc700000,0x00000000dc700000,0x00000000dd380000)
 ParOldGen       total 87552K, used 59124K [0x0000000081e00000, 0x0000000087380000, 0x00000000d5f80000)
  object space 87552K, 67% used [0x0000000081e00000,0x00000000857bd000,0x0000000087380000)
 Metaspace       used 9828K, capacity 9950K, committed 10240K, reserved 1058816K
  class space    used 908K, capacity 953K, committed 1024K, reserved 1048576K
Event: 8.390 GC heap after
Heap after GC invocations=28 (full 0):
 PSYoungGen      total 105472K, used 207K [0x00000000d5f80000, 0x00000000dd480000, 0x0000000100000000)
  eden space 92672K, 0% used [0x00000000d5f80000,0x00000000d5f80000,0x00000000dba00000)
  from space 12800K, 1% used [0x00000000dc700000,0x00000000dc733d28,0x00000000dd380000)
  to   space 13312K, 0% used [0x00000000dba00000,0x00000000dba00000,0x00000000dc700000)
 ParOldGen       total 87552K, used 59124K [0x0000000081e00000, 0x0000000087380000, 0x00000000d5f80000)
  object space 87552K, 67% used [0x0000000081e00000,0x00000000857bd000,0x0000000087380000)
 Metaspace       used 9828K, capacity 9950K, committed 10240K, reserved 1058816K
  class space    used 908K, capacity 953K, committed 1024K, reserved 1048576K
}
Event: 8.407 GC heap before
{Heap before GC invocations=29 (full 0):
 PSYoungGen      total 105472K, used 92794K [0x00000000d5f80000, 0x00000000dd480000, 0x0000000100000000)
  eden space 92672K, 99% used [0x00000000d5f80000,0x00000000db9ead00,0x00000000dba00000)
  from space 12800K, 1% used [0x00000000dc700000,0x00000000dc733d28,0x00000000dd380000)
  to   space 13312K, 0% used [0x00000000dba00000,0x00000000dba00000,0x00000000dc700000)
 ParOldGen       total 87552K, used 59124K [0x0000000081e00000, 0x0000000087380000, 0x00000000d5f80000)
  object space 87552K, 67% used [0x0000000081e00000,0x00000000857bd000,0x0000000087380000)
 Metaspace       used 9828K, capacity 9950K, committed 10240K, reserved 1058816K
  class space    used 908K, capacity 953K, committed 1024K, reserved 1048576K
Event: 8.408 GC heap after
Heap after GC invocations=29 (full 0):
 PSYoungGen      total 105984K, used 434K [0x00000000d5f80000, 0x00000000dd480000, 0x0000000100000000)
  eden space 92672K, 0% used [0x00000000d5f80000,0x00000000d5f80000,0x00000000dba00000)
  from space 13312K, 3% used [0x00000000dba00000,0x00000000dba6ca90,0x00000000dc700000)
  to   space 12800K, 0% used [0x00000000dc700000,0x00000000dc700000,0x00000000dd380000)
 ParOldGen       total 87552K, used 59124K [0x0000000081e00000, 0x0000000087380000, 0x00000000d5f80000)
  object space 87552K, 67% used [0x0000000081e00000,0x00000000857bd000,0x0000000087380000)
 Metaspace       used 9828K, capacity 9950K, committed 10240K, reserved 1058816K
  class space    used 908K, capacity 953K, committed 1024K, reserved 1048576K
}
Event: 8.425 GC heap before
{Heap before GC invocations=30 (full 0):
 PSYoungGen      total 105984K, used 92986K [0x00000000d5f80000, 0x00000000dd480000, 0x0000000100000000)
  eden space 92672K, 99% used [0x00000000d5f80000,0x00000000db9e1e48,0x00000000dba00000)
  from space 13312K, 3% used [0x00000000dba00000,0x00000000dba6ca90,0x00000000dc700000)
  to   space 12800K, 0% used [0x00000000dc700000,0x00000000dc700000,0x00000000dd380000)
 ParOldGen       total 87552K, used 59124K [0x0000000081e00000, 0x0000000087380000, 0x00000000d5f80000)
  object space 87552K, 67% used [0x0000000081e00000,0x00000000857bd000,0x0000000087380000)
 Metaspace       used 9828K, capacity 9950K, committed 10240K, reserved 1058816K
  class space    used 908K, capacity 953K, committed 1024K, reserved 1048576K
Event: 8.426 GC heap after
Heap after GC invocations=30 (full 0):
 PSYoungGen      total 105472K, used 421K [0x00000000d5f80000, 0x00000000dd480000, 0x0000000100000000)
  eden space 92672K, 0% used [0x00000000d5f80000,0x00000000d5f80000,0x00000000dba00000)
  from space 12800K, 3% used [0x00000000dc700000,0x00000000dc769638,0x00000000dd380000)
  to   space 13312K, 0% used [0x00000000dba00000,0x00000000dba00000,0x00000000dc700000)
 ParOldGen       total 87552K, used 59124K [0x0000000081e00000, 0x0000000087380000, 0x00000000d5f80000)
  object space 87552K, 67% used [0x0000000081e00000,0x00000000857bd000,0x0000000087380000)
 Metaspace       used 9828K, capacity 9950K, committed 10240K, reserved 1058816K
  class space    used 908K, capacity 953K, committed 1024K, reserved 1048576K
}
Event: 8.443 GC heap before
{Heap before GC invocations=31 (full 0):
 PSYoungGen      total 105472K, used 93013K [0x00000000d5f80000, 0x00000000dd480000, 0x0000000100000000)
  eden space 92672K, 99% used [0x00000000d5f80000,0x00000000db9ebe18,0x00000000dba00000)
  from space 12800K, 3% used [0x00000000dc700000,0x00000000dc769638,0x00000000dd380000)
  to   space 13312K, 0% used [0x00000000dba00000,0x00000000dba00000,0x00000000dc700000)
 ParOldGen       total 87552K, used 59124K [0x0000000081e00000, 0x0000000087380000, 0x00000000d5f80000)
  object space 87552K, 67% used [0x0000000081e00000,0x00000000857bd000,0x0000000087380000)
 Metaspace       used 9828K, capacity 9950K, committed 10240K, reserved 1058816K
  class space    used 908K, capacity 953K, committed 1024K, reserved 1048576K
Event: 8.444 GC heap after
Heap after GC invocations=31 (full 0):
 PSYoungGen      total 105984K, used 439K [0x00000000d5f80000, 0x00000000dd480000, 0x0000000100000000)
  eden space 92672K, 0% used [0x00000000d5f80000,0x00000000d5f80000,0x00000000dba00000)
  from space 13312K, 3% used [0x00000000dba00000,0x00000000dba6deb8,0x00000000dc700000)
  to   space 12800K, 0% used [0x00000000dc700000,0x00000000dc700000,0x00000000dd380000)
 ParOldGen       total 87552K, used 59124K [0x0000000081e00000, 0x0000000087380000, 0x00000000d5f80000)
  object space 87552K, 67% used [0x0000000081e00000,0x00000000857bd000,0x0000000087380000)
 Metaspace       used 9828K, capacity 9950K, committed 10240K, reserved 1058816K
  class space    used 908K, capacity 953K, committed 1024K, reserved 1048576K
}
Event: 9.096 GC heap before
{Heap before GC invocations=32 (full 0):
 PSYoungGen      total 105984K, used 93111K [0x00000000d5f80000, 0x00000000dd480000, 0x0000000100000000)
  eden space 92672K, 100% used [0x00000000d5f80000,0x00000000dba00000,0x00000000dba00000)
  from space 13312K, 3% used [0x00000000dba00000,0x00000000dba6deb8,0x00000000dc700000)
  to   space 12800K, 0% used [0x00000000dc700000,0x00000000dc700000,0x00000000dd380000)
 ParOldGen       total 87552K, used 59124K [0x0000000081e00000, 0x0000000087380000, 0x00000000d5f80000)
  object space 87552K, 67% used [0x0000000081e00000,0x00000000857bd000,0x0000000087380000)
 Metaspace       used 9854K, capacity 10078K, committed 10240K, reserved 1058816K
  class space    used 908K, capacity 953K, committed 1024K, reserved 1048576K
Event: 9.100 GC heap after
Heap after GC invocations=32 (full 0):
 PSYoungGen      total 105472K, used 2339K [0x00000000d5f80000, 0x00000000dd480000, 0x0000000100000000)
  eden space 92672K, 0% used [0x00000000d5f80000,0x00000000d5f80000,0x00000000dba00000)
  from space 12800K, 18% used [0x00000000dc700000,0x00000000dc948eb8,0x00000000dd380000)
  to   space 13312K, 0% used [0x00000000dba00000,0x00000000dba00000,0x00000000dc700000)
 ParOldGen       total 87552K, used 59124K [0x0000000081e00000, 0x0000000087380000, 0x00000000d5f80000)
  object space 87552K, 67% used [0x0000000081e00000,0x00000000857bd000,0x0000000087380000)
 Metaspace       used 9854K, capacity 10078K, committed 10240K, reserved 1058816K
  class space    used 908K, capacity 953K, committed 1024K, reserved 1048576K
}

