# JRE version: Java(TM) SE Runtime Environment (8.0_60-b27) (build 1.8.0_60-b27)
# Java VM: Java HotSpot(TM) 64-Bit Server VM (25.60-b23 mixed mode windows-amd64 compressed oops)
Heap:
 PSYoungGen      total 94720K, used 61288K [0x00000000d5f80000, 0x00000000dc500000, 0x0000000100000000)
  eden space 86528K, 70% used [0x00000000d5f80000,0x00000000d9b410c8,0x00000000db400000)
  from space 8192K, 1% used [0x00000000dbd00000,0x00000000dbd18fc8,0x00000000dc500000)
  to   space 8704K, 0% used [0x00000000db400000,0x00000000db400000,0x00000000dbc80000)
 ParOldGen       total 87552K, used 64351K [0x0000000081e00000, 0x0000000087380000, 0x00000000d5f80000)
  object space 87552K, 73% used [0x0000000081e00000,0x0000000085cd7d18,0x0000000087380000)
 Metaspace       used 9874K, capacity 10062K, committed 10240K, reserved 1058816K
  class space    used 908K, capacity 953K, committed 1024K, reserved 1048576K
GC Heap History (10 events):
Event: 10.000 GC heap before
{Heap before GC invocations=30 (full 0):
 PSYoungGen      total 71680K, used 70593K [0x00000000d5f80000, 0x00000000daa80000, 0x0000000100000000)
  eden space 66560K, 99% used [0x00000000d5f80000,0x00000000da074b78,0x00000000da080000)
  from space 5120K, 79% used [0x00000000da080000,0x00000000da47b9d0,0x00000000da580000)
  to   space 5120K, 0% used [0x00000000da580000,0x00000000da580000,0x00000000daa80000)
 ParOldGen       total 87552K, used 56079K [0x0000000081e00000, 0x0000000087380000, 0x00000000d5f80000)
  object space 87552K, 64% used [0x0000000081e00000,0x00000000854c3d08,0x0000000087380000)
 Metaspace       used 9864K, capacity 10062K, committed 10240K, reserved 1058816K
  class space    used 908K, capacity 953K, committed 1024K, reserved 1048576K
Event: 10.006 GC heap after
Heap after GC invocations=30 (full 0):
 PSYoungGen      total 71680K, used 96K [0x00000000d5f80000, 0x00000000daa80000, 0x0000000100000000)
  eden space 66560K, 0% used [0x00000000d5f80000,0x00000000d5f80000,0x00000000da080000)
  from space 5120K, 1% used [0x00000000da580000,0x00000000da5981d8,0x00000000daa80000)
  to   space 5120K, 0% used [0x00000000da080000,0x00000000da080000,0x00000000da580000)
 ParOldGen       total 87552K, used 60055K [0x0000000081e00000, 0x0000000087380000, 0x00000000d5f80000)
  object space 87552K, 68% used [0x0000000081e00000,0x00000000858a5d18,0x0000000087380000)
 Metaspace       used 9864K, capacity 10062K, committed 10240K, reserved 1058816K
  class space    used 908K, capacity 953K, committed 1024K, reserved 1048576K
}
Event: 10.497 GC heap before
{Heap before GC invocations=31 (full 0):
 PSYoungGen      total 71680K, used 66656K [0x00000000d5f80000, 0x00000000daa80000, 0x0000000100000000)
  eden space 66560K, 100% used [0x00000000d5f80000,0x00000000da080000,0x00000000da080000)
  from space 5120K, 1% used [0x00000000da580000,0x00000000da5981d8,0x00000000daa80000)
  to   space 5120K, 0% used [0x00000000da080000,0x00000000da080000,0x00000000da580000)
 ParOldGen       total 87552K, used 60055K [0x0000000081e00000, 0x0000000087380000, 0x00000000d5f80000)
  object space 87552K, 68% used [0x0000000081e00000,0x00000000858a5d18,0x0000000087380000)
 Metaspace       used 9864K, capacity 10062K, committed 10240K, reserved 1058816K
  class space    used 908K, capacity 953K, committed 1024K, reserved 1048576K
Event: 10.500 GC heap after
Heap after GC invocations=31 (full 0):
 PSYoungGen      total 71680K, used 1536K [0x00000000d5f80000, 0x00000000dc600000, 0x0000000100000000)
  eden space 66560K, 0% used [0x00000000d5f80000,0x00000000d5f80000,0x00000000da080000)
  from space 5120K, 30% used [0x00000000da080000,0x00000000da200000,0x00000000da580000)
  to   space 9216K, 0% used [0x00000000dbd00000,0x00000000dbd00000,0x00000000dc600000)
 ParOldGen       total 87552K, used 60055K [0x0000000081e00000, 0x0000000087380000, 0x00000000d5f80000)
  object space 87552K, 68% used [0x0000000081e00000,0x00000000858a5d18,0x0000000087380000)
 Metaspace       used 9864K, capacity 10062K, committed 10240K, reserved 1058816K
  class space    used 908K, capacity 953K, committed 1024K, reserved 1048576K
}
Event: 10.517 GC heap before
{Heap before GC invocations=32 (full 0):
 PSYoungGen      total 71680K, used 68031K [0x00000000d5f80000, 0x00000000dc600000, 0x0000000100000000)
  eden space 66560K, 99% used [0x00000000d5f80000,0x00000000da06ff08,0x00000000da080000)
  from space 5120K, 30% used [0x00000000da080000,0x00000000da200000,0x00000000da580000)
  to   space 9216K, 0% used [0x00000000dbd00000,0x00000000dbd00000,0x00000000dc600000)
 ParOldGen       total 87552K, used 60055K [0x0000000081e00000, 0x0000000087380000, 0x00000000d5f80000)
  object space 87552K, 68% used [0x0000000081e00000,0x00000000858a5d18,0x0000000087380000)
 Metaspace       used 9864K, capacity 10062K, committed 10240K, reserved 1058816K
  class space    used 908K, capacity 953K, committed 1024K, reserved 1048576K
Event: 10.519 GC heap after
Heap after GC invocations=32 (full 0):
 PSYoungGen      total 94720K, used 73K [0x00000000d5f80000, 0x00000000dc500000, 0x0000000100000000)
  eden space 86528K, 0% used [0x00000000d5f80000,0x00000000d5f80000,0x00000000db400000)
  from space 8192K, 0% used [0x00000000dbd00000,0x00000000dbd126b0,0x00000000dc500000)
  to   space 8704K, 0% used [0x00000000db400000,0x00000000db400000,0x00000000dbc80000)
 ParOldGen       total 87552K, used 61543K [0x0000000081e00000, 0x0000000087380000, 0x00000000d5f80000)
  object space 87552K, 70% used [0x0000000081e00000,0x0000000085a19d18,0x0000000087380000)
 Metaspace       used 9864K, capacity 10062K, committed 10240K, reserved 1058816K
  class space    used 908K, capacity 953K, committed 1024K, reserved 1048576K
}
Event: 11.194 GC heap before
{Heap before GC invocations=33 (full 0):
 PSYoungGen      total 94720K, used 86601K [0x00000000d5f80000, 0x00000000dc500000, 0x0000000100000000)
  eden space 86528K, 100% used [0x00000000d5f80000,0x00000000db400000,0x00000000db400000)
  from space 8192K, 0% used [0x00000000dbd00000,0x00000000dbd126b0,0x00000000dc500000)
  to   space 8704K, 0% used [0x00000000db400000,0x00000000db400000,0x00000000dbc80000)
 ParOldGen       total 87552K, used 61543K [0x0000000081e00000, 0x0000000087380000, 0x00000000d5f80000)
  object space 87552K, 70% used [0x0000000081e00000,0x0000000085a19d18,0x0000000087380000)
 Metaspace       used 9873K, capacity 10062K, committed 10240K, reserved 1058816K
  class space    used 908K, capacity 953K, committed 1024K, reserved 1048576K
Event: 11.198 GC heap after
Heap after GC invocations=33 (full 0):
 PSYoungGen      total 95232K, used 2851K [0x00000000d5f80000, 0x00000000dc500000, 0x0000000100000000)
  eden space 86528K, 0% used [0x00000000d5f80000,0x00000000d5f80000,0x00000000db400000)
  from space 8704K, 32% used [0x00000000db400000,0x00000000db6c8c08,0x00000000dbc80000)
  to   space 8192K, 0% used [0x00000000dbd00000,0x00000000dbd00000,0x00000000dc500000)
 ParOldGen       total 87552K, used 61543K [0x0000000081e00000, 0x0000000087380000, 0x00000000d5f80000)
  object space 87552K, 70% used [0x0000000081e00000,0x0000000085a19d18,0x0000000087380000)
 Metaspace       used 9873K, capacity 10062K, committed 10240K, reserved 1058816K
  class space    used 908K, capacity 953K, committed 1024K, reserved 1048576K
}
Event: 11.216 GC heap before
{Heap before GC invocations=34 (full 0):
 PSYoungGen      total 95232K, used 89254K [0x00000000d5f80000, 0x00000000dc500000, 0x0000000100000000)
  eden space 86528K, 99% used [0x00000000d5f80000,0x00000000db3e0cd0,0x00000000db400000)
  from space 8704K, 32% used [0x00000000db400000,0x00000000db6c8c08,0x00000000dbc80000)
  to   space 8192K, 0% used [0x00000000dbd00000,0x00000000dbd00000,0x00000000dc500000)
 ParOldGen       total 87552K, used 61543K [0x0000000081e00000, 0x0000000087380000, 0x00000000d5f80000)
  object space 87552K, 70% used [0x0000000081e00000,0x0000000085a19d18,0x0000000087380000)
 Metaspace       used 9873K, capacity 10062K, committed 10240K, reserved 1058816K
  class space    used 908K, capacity 953K, committed 1024K, reserved 1048576K
Event: 11.220 GC heap after
Heap after GC invocations=34 (full 0):
 PSYoungGen      total 94720K, used 99K [0x00000000d5f80000, 0x00000000dc500000, 0x0000000100000000)
  eden space 86528K, 0% used [0x00000000d5f80000,0x00000000d5f80000,0x00000000db400000)
  from space 8192K, 1% used [0x00000000dbd00000,0x00000000dbd18fc8,0x00000000dc500000)
  to   space 8704K, 0% used [0x00000000db400000,0x00000000db400000,0x00000000dbc80000)
 ParOldGen       total 87552K, used 64351K [0x0000000081e00000, 0x0000000087380000, 0x00000000d5f80000)
  object space 87552K, 73% used [0x0000000081e00000,0x0000000085cd7d18,0x0000000087380000)
 Metaspace       used 9873K, capacity 10062K, committed 10240K, reserved 1058816K
  class space    used 908K, capacity 953K, committed 1024K, reserved 1048576K
}

