# JRE version: Java(TM) SE Runtime Environment (8.0_60-b27) (build 1.8.0_60-b27)
# Java VM: Java HotSpot(TM) 64-Bit Server VM (25.60-b23 mixed mode windows-amd64 compressed oops)
Heap:
 PSYoungGen      total 118272K, used 56261K [0x00000000d5f80000, 0x00000000dde80000, 0x0000000100000000)
  eden space 106496K, 52% used [0x00000000d5f80000,0x00000000d95fd318,0x00000000dc780000)
  from space 11776K, 3% used [0x00000000dc780000,0x00000000dc7f42f0,0x00000000dd300000)
  to   space 11264K, 0% used [0x00000000dd380000,0x00000000dd380000,0x00000000dde80000)
 ParOldGen       total 87552K, used 49059K [0x0000000081e00000, 0x0000000087380000, 0x00000000d5f80000)
  object space 87552K, 56% used [0x0000000081e00000,0x0000000084de8f58,0x0000000087380000)
 Metaspace       used 9587K, capacity 9750K, committed 9984K, reserved 1058816K
  class space    used 888K, capacity 941K, committed 1024K, reserved 1048576K
GC Heap History (10 events):
Event: 11.924 GC heap before
{Heap before GC invocations=29 (full 0):
 PSYoungGen      total 117760K, used 106738K [0x00000000d5f80000, 0x00000000dde80000, 0x0000000100000000)
  eden space 106496K, 99% used [0x00000000d5f80000,0x00000000dc76f140,0x00000000dc780000)
  from space 11264K, 2% used [0x00000000dd380000,0x00000000dd3cd8f0,0x00000000dde80000)
  to   space 11776K, 0% used [0x00000000dc780000,0x00000000dc780000,0x00000000dd300000)
 ParOldGen       total 87552K, used 49059K [0x0000000081e00000, 0x0000000087380000, 0x00000000d5f80000)
  object space 87552K, 56% used [0x0000000081e00000,0x0000000084de8f58,0x0000000087380000)
 Metaspace       used 9572K, capacity 9744K, committed 9984K, reserved 1058816K
  class space    used 887K, capacity 940K, committed 1024K, reserved 1048576K
Event: 11.925 GC heap after
Heap after GC invocations=29 (full 0):
 PSYoungGen      total 118272K, used 185K [0x00000000d5f80000, 0x00000000dde80000, 0x0000000100000000)
  eden space 106496K, 0% used [0x00000000d5f80000,0x00000000d5f80000,0x00000000dc780000)
  from space 11776K, 1% used [0x00000000dc780000,0x00000000dc7ae548,0x00000000dd300000)
  to   space 11264K, 0% used [0x00000000dd380000,0x00000000dd380000,0x00000000dde80000)
 ParOldGen       total 87552K, used 49059K [0x0000000081e00000, 0x0000000087380000, 0x00000000d5f80000)
  object space 87552K, 56% used [0x0000000081e00000,0x0000000084de8f58,0x0000000087380000)
 Metaspace       used 9572K, capacity 9744K, committed 9984K, reserved 1058816K
  class space    used 887K, capacity 940K, committed 1024K, reserved 1048576K
}
Event: 11.953 GC heap before
{Heap before GC invocations=30 (full 0):
 PSYoungGen      total 118272K, used 106446K [0x00000000d5f80000, 0x00000000dde80000, 0x0000000100000000)
  eden space 106496K, 99% used [0x00000000d5f80000,0x00000000dc7453b8,0x00000000dc780000)
  from space 11776K, 1% used [0x00000000dc780000,0x00000000dc7ae548,0x00000000dd300000)
  to   space 11264K, 0% used [0x00000000dd380000,0x00000000dd380000,0x00000000dde80000)
 ParOldGen       total 87552K, used 49059K [0x0000000081e00000, 0x0000000087380000, 0x00000000d5f80000)
  object space 87552K, 56% used [0x0000000081e00000,0x0000000084de8f58,0x0000000087380000)
 Metaspace       used 9572K, capacity 9744K, committed 9984K, reserved 1058816K
  class space    used 887K, capacity 940K, committed 1024K, reserved 1048576K
Event: 11.955 GC heap after
Heap after GC invocations=30 (full 0):
 PSYoungGen      total 117760K, used 198K [0x00000000d5f80000, 0x00000000dde80000, 0x0000000100000000)
  eden space 106496K, 0% used [0x00000000d5f80000,0x00000000d5f80000,0x00000000dc780000)
  from space 11264K, 1% used [0x00000000dd380000,0x00000000dd3b1978,0x00000000dde80000)
  to   space 11776K, 0% used [0x00000000dc780000,0x00000000dc780000,0x00000000dd300000)
 ParOldGen       total 87552K, used 49059K [0x0000000081e00000, 0x0000000087380000, 0x00000000d5f80000)
  object space 87552K, 56% used [0x0000000081e00000,0x0000000084de8f58,0x0000000087380000)
 Metaspace       used 9572K, capacity 9744K, committed 9984K, reserved 1058816K
  class space    used 887K, capacity 940K, committed 1024K, reserved 1048576K
}
Event: 11.984 GC heap before
{Heap before GC invocations=31 (full 0):
 PSYoungGen      total 117760K, used 106514K [0x00000000d5f80000, 0x00000000dde80000, 0x0000000100000000)
  eden space 106496K, 99% used [0x00000000d5f80000,0x00000000dc7531a8,0x00000000dc780000)
  from space 11264K, 1% used [0x00000000dd380000,0x00000000dd3b1978,0x00000000dde80000)
  to   space 11776K, 0% used [0x00000000dc780000,0x00000000dc780000,0x00000000dd300000)
 ParOldGen       total 87552K, used 49059K [0x0000000081e00000, 0x0000000087380000, 0x00000000d5f80000)
  object space 87552K, 56% used [0x0000000081e00000,0x0000000084de8f58,0x0000000087380000)
 Metaspace       used 9572K, capacity 9744K, committed 9984K, reserved 1058816K
  class space    used 887K, capacity 940K, committed 1024K, reserved 1048576K
Event: 11.986 GC heap after
Heap after GC invocations=31 (full 0):
 PSYoungGen      total 118272K, used 210K [0x00000000d5f80000, 0x00000000dde80000, 0x0000000100000000)
  eden space 106496K, 0% used [0x00000000d5f80000,0x00000000d5f80000,0x00000000dc780000)
  from space 11776K, 1% used [0x00000000dc780000,0x00000000dc7b49b0,0x00000000dd300000)
  to   space 11264K, 0% used [0x00000000dd380000,0x00000000dd380000,0x00000000dde80000)
 ParOldGen       total 87552K, used 49059K [0x0000000081e00000, 0x0000000087380000, 0x00000000d5f80000)
  object space 87552K, 56% used [0x0000000081e00000,0x0000000084de8f58,0x0000000087380000)
 Metaspace       used 9572K, capacity 9744K, committed 9984K, reserved 1058816K
  class space    used 887K, capacity 940K, committed 1024K, reserved 1048576K
}
Event: 12.032 GC heap before
{Heap before GC invocations=32 (full 0):
 PSYoungGen      total 118272K, used 106388K [0x00000000d5f80000, 0x00000000dde80000, 0x0000000100000000)
  eden space 106496K, 99% used [0x00000000d5f80000,0x00000000dc730950,0x00000000dc780000)
  from space 11776K, 1% used [0x00000000dc780000,0x00000000dc7b49b0,0x00000000dd300000)
  to   space 11264K, 0% used [0x00000000dd380000,0x00000000dd380000,0x00000000dde80000)
 ParOldGen       total 87552K, used 49059K [0x0000000081e00000, 0x0000000087380000, 0x00000000d5f80000)
  object space 87552K, 56% used [0x0000000081e00000,0x0000000084de8f58,0x0000000087380000)
 Metaspace       used 9572K, capacity 9744K, committed 9984K, reserved 1058816K
  class space    used 887K, capacity 940K, committed 1024K, reserved 1048576K
Event: 12.034 GC heap after
Heap after GC invocations=32 (full 0):
 PSYoungGen      total 117760K, used 443K [0x00000000d5f80000, 0x00000000dde80000, 0x0000000100000000)
  eden space 106496K, 0% used [0x00000000d5f80000,0x00000000d5f80000,0x00000000dc780000)
  from space 11264K, 3% used [0x00000000dd380000,0x00000000dd3eedb0,0x00000000dde80000)
  to   space 11776K, 0% used [0x00000000dc780000,0x00000000dc780000,0x00000000dd300000)
 ParOldGen       total 87552K, used 49059K [0x0000000081e00000, 0x0000000087380000, 0x00000000d5f80000)
  object space 87552K, 56% used [0x0000000081e00000,0x0000000084de8f58,0x0000000087380000)
 Metaspace       used 9572K, capacity 9744K, committed 9984K, reserved 1058816K
  class space    used 887K, capacity 940K, committed 1024K, reserved 1048576K
}
Event: 12.064 GC heap before
{Heap before GC invocations=33 (full 0):
 PSYoungGen      total 117760K, used 106855K [0x00000000d5f80000, 0x00000000dde80000, 0x0000000100000000)
  eden space 106496K, 99% used [0x00000000d5f80000,0x00000000dc76b050,0x00000000dc780000)
  from space 11264K, 3% used [0x00000000dd380000,0x00000000dd3eedb0,0x00000000dde80000)
  to   space 11776K, 0% used [0x00000000dc780000,0x00000000dc780000,0x00000000dd300000)
 ParOldGen       total 87552K, used 49059K [0x0000000081e00000, 0x0000000087380000, 0x00000000d5f80000)
  object space 87552K, 56% used [0x0000000081e00000,0x0000000084de8f58,0x0000000087380000)
 Metaspace       used 9572K, capacity 9744K, committed 9984K, reserved 1058816K
  class space    used 887K, capacity 940K, committed 1024K, reserved 1048576K
Event: 12.065 GC heap after
Heap after GC invocations=33 (full 0):
 PSYoungGen      total 118272K, used 464K [0x00000000d5f80000, 0x00000000dde80000, 0x0000000100000000)
  eden space 106496K, 0% used [0x00000000d5f80000,0x00000000d5f80000,0x00000000dc780000)
  from space 11776K, 3% used [0x00000000dc780000,0x00000000dc7f42f0,0x00000000dd300000)
  to   space 11264K, 0% used [0x00000000dd380000,0x00000000dd380000,0x00000000dde80000)
 ParOldGen       total 87552K, used 49059K [0x0000000081e00000, 0x0000000087380000, 0x00000000d5f80000)
  object space 87552K, 56% used [0x0000000081e00000,0x0000000084de8f58,0x0000000087380000)
 Metaspace       used 9572K, capacity 9744K, committed 9984K, reserved 1058816K
  class space    used 887K, capacity 940K, committed 1024K, reserved 1048576K
}

